#
# There is insufficient memory for the Java Runtime Environment to continue.
# Native memory allocation (mmap) failed to map 134217728 bytes for G1 virtual space
# Possible reasons:
#   The system is out of physical RAM or swap space
#   The process is running with CompressedOops enabled, and the Java Heap may be blocking the growth of the native heap
# Possible solutions:
#   Reduce memory load on the system
#   Increase physical memory or swap space
#   Check if swap backing store is full
#   Decrease Java heap size (-Xmx/-Xms)
#   Decrease number of Java threads
#   Decrease Java thread stack sizes (-Xss)
#   Set larger code cache with -XX:ReservedCodeCacheSize=
#   JVM is running with Unscaled Compressed Oops mode in which the Java heap is
#     placed in the first 4GB address space. The Java Heap base address is the
#     maximum limit for the native heap growth. Please use -XX:HeapBaseMinAddress
#     to set the Java Heap base and to place the Java Heap above 4GB virtual address.
# This output file may be truncated or incomplete.
#
#  Out of Memory Error (os_windows.cpp:3600), pid=5188, tid=12928
#
# JRE version:  (21.0+35) (build )
# Java VM: OpenJDK 64-Bit Server VM (21+35, mixed mode, sharing, tiered, compressed oops, compressed class ptrs, g1 gc, windows-amd64)
# No core dump will be written. Minidumps are not enabled by default on client versions of Windows
#

---------------  S U M M A R Y ------------

Command Line: -Dant.home=C:\Program Files\NetBeans-19\netbeans\extide\ant\bin\.. org.apache.tools.ant.launch.Launcher -f C:\Users\John Paul Uy\OneDrive\Documents\NetBeansProjects\ROLE-SPECIFIC-POS-SYSTEM\build.xml -Dant.rerun 1 jfx-project-build

Host: AMD A8-6600K APU with Radeon(tm) HD Graphics   , 4 cores, 7G,  Windows 10 , 64 bit Build 19041 (10.0.19041.3155)
Time: Mon Nov  6 00:37:52 2023 Malay Peninsula Standard Time elapsed time: 0.036031 seconds (0d 0h 0m 0s)

---------------  T H R E A D  ---------------

Current thread (0x0000018572096e50):  JavaThread "Unknown thread" [_thread_in_vm, id=12928, stack(0x000000795a500000,0x000000795a600000) (1024K)]

Stack: [0x000000795a500000,0x000000795a600000]
Native frames: (J=compiled Java code, j=interpreted, Vv=VM code, C=native code)
V  [jvm.dll+0x6ce729]
V  [jvm.dll+0x8a9401]
V  [jvm.dll+0x8ab67e]
V  [jvm.dll+0x8abd53]
V  [jvm.dll+0x283be6]
V  [jvm.dll+0x6cae15]
V  [jvm.dll+0x6bf80a]
V  [jvm.dll+0x358f2a]
V  [jvm.dll+0x360b06]
V  [jvm.dll+0x3b18ce]
V  [jvm.dll+0x3b1b78]
V  [jvm.dll+0x32c87c]
V  [jvm.dll+0x32d40b]
V  [jvm.dll+0x871749]
V  [jvm.dll+0x3bec01]
V  [jvm.dll+0x85a648]
V  [jvm.dll+0x4527fe]
V  [jvm.dll+0x4542c1]
C  [jli.dll+0x52a3]
C  [ucrtbase.dll+0x21bb2]
C  [KERNEL32.DLL+0x17614]
C  [ntdll.dll+0x526b1]


---------------  P R O C E S S  ---------------

Threads class SMR info:
_java_thread_list=0x00007ff949967048, length=0, elements={
}

Java Threads: ( => current thread )
Total: 0

Other Threads:
  0x00000185721e8330 WorkerThread "GC Thread#0"                     [id=12264, stack(0x000000795a600000,0x000000795a700000) (1024K)]
  0x00000185721f9020 ConcurrentGCThread "G1 Main Marker"            [id=7060, stack(0x000000795a700000,0x000000795a800000) (1024K)]
  0x00000185721fa330 WorkerThread "G1 Conc#0"                       [id=11528, stack(0x000000795a800000,0x000000795a900000) (1024K)]

[error occurred during error reporting (printing all threads), id 0xc0000005, EXCEPTION_ACCESS_VIOLATION (0xc0000005) at pc=0x00007ff94906fa07]
VM state: not at safepoint (not fully initialized)

VM Mutex/Monitor currently owned by a thread:  ([mutex/lock_event])
[0x00007ff9499daa98] Heap_lock - owner thread: 0x0000018572096e50

Heap address: 0x0000000080800000, size: 2040 MB, Compressed Oops mode: 32-bit

CDS archive(s) mapped at: [0x0000000000000000-0x0000000000000000-0x0000000000000000), size 0, SharedBaseAddress: 0x0000000800000000, ArchiveRelocationMode: 1.
Narrow klass base: 0x0000000000000000, Narrow klass shift: 0, Narrow klass range: 0x0

GC Precious Log:
 CardTable entry size: 512
 Card Set container configuration: InlinePtr #cards 5 size 8 Array Of Cards #cards 12 size 40 Howl #buckets 4 coarsen threshold 1843 Howl Bitmap #cards 512 size 80 coarsen threshold 460 Card regions per heap region 1 cards per card region 2048

Heap:
 garbage-first heap   total 0K, used 0K [0x0000000080800000, 0x0000000100000000)
  region size 1024K, 0 young (0K), 0 survivors (0K)

[error occurred during error reporting (printing heap information), id 0xc0000005, EXCEPTION_ACCESS_VIOLATION (0xc0000005) at pc=0x00007ff949457489]
GC Heap History (0 events):
No events

Dll operation events (1 events):
Event: 0.017 Loaded shared library C:\Users\John Paul Uy\OneDrive\Documents\zulu21.28.85-ca-fx-jdk21.0.0-win_x64\bin\java.dll

Deoptimization events (0 events):
No events

Classes loaded (0 events):
No events

Classes unloaded (0 events):
No events

Classes redefined (0 events):
No events

Internal exceptions (0 events):
No events

ZGC Phase Switch (0 events):
No events

VM Operations (0 events):
No events

Events (0 events):
No events


Dynamic libraries:
0x00007ff645690000 - 0x00007ff64569e000 	C:\Users\John Paul Uy\OneDrive\Documents\zulu21.28.85-ca-fx-jdk21.0.0-win_x64\bin\java.exe
0x00007ff99e590000 - 0x00007ff99e788000 	C:\WINDOWS\SYSTEM32\ntdll.dll
0x00007ff99cb70000 - 0x00007ff99cc2f000 	C:\WINDOWS\System32\KERNEL32.DLL
0x00007ff99bfc0000 - 0x00007ff99c2b6000 	C:\WINDOWS\System32\KERNELBASE.dll
0x00007ff99bd60000 - 0x00007ff99be60000 	C:\WINDOWS\System32\ucrtbase.dll
0x00007ff962bd0000 - 0x00007ff962be8000 	C:\Users\John Paul Uy\OneDrive\Documents\zulu21.28.85-ca-fx-jdk21.0.0-win_x64\bin\jli.dll
0x00007ff99d310000 - 0x00007ff99d4ad000 	C:\WINDOWS\System32\USER32.dll
0x00007ff99c2f0000 - 0x00007ff99c312000 	C:\WINDOWS\System32\win32u.dll
0x00007ff99de60000 - 0x00007ff99de8c000 	C:\WINDOWS\System32\GDI32.dll
0x00007ff99c320000 - 0x00007ff99c435000 	C:\WINDOWS\System32\gdi32full.dll
0x00007ff99bcc0000 - 0x00007ff99bd5d000 	C:\WINDOWS\System32\msvcp_win.dll
0x00007ff961770000 - 0x00007ff96178b000 	C:\Users\John Paul Uy\OneDrive\Documents\zulu21.28.85-ca-fx-jdk21.0.0-win_x64\bin\VCRUNTIME140.dll
0x00007ff9924f0000 - 0x00007ff99278a000 	C:\WINDOWS\WinSxS\amd64_microsoft.windows.common-controls_6595b64144ccf1df_6.0.19041.1110_none_60b5254171f9507e\COMCTL32.dll
0x00007ff99c600000 - 0x00007ff99c69e000 	C:\WINDOWS\System32\msvcrt.dll
0x00007ff99ceb0000 - 0x00007ff99cee0000 	C:\WINDOWS\System32\IMM32.DLL
0x00007ff97c3a0000 - 0x00007ff97c3ac000 	C:\Users\John Paul Uy\OneDrive\Documents\zulu21.28.85-ca-fx-jdk21.0.0-win_x64\bin\vcruntime140_1.dll
0x00007ff960940000 - 0x00007ff9609ce000 	C:\Users\John Paul Uy\OneDrive\Documents\zulu21.28.85-ca-fx-jdk21.0.0-win_x64\bin\msvcp140.dll
0x00007ff948d30000 - 0x00007ff949abb000 	C:\Users\John Paul Uy\OneDrive\Documents\zulu21.28.85-ca-fx-jdk21.0.0-win_x64\bin\server\jvm.dll
0x00007ff99e420000 - 0x00007ff99e4cf000 	C:\WINDOWS\System32\ADVAPI32.dll
0x00007ff99e380000 - 0x00007ff99e41c000 	C:\WINDOWS\System32\sechost.dll
0x00007ff99dd30000 - 0x00007ff99de56000 	C:\WINDOWS\System32\RPCRT4.dll
0x00007ff99e4e0000 - 0x00007ff99e54b000 	C:\WINDOWS\System32\WS2_32.dll
0x00007ff99b330000 - 0x00007ff99b37b000 	C:\WINDOWS\SYSTEM32\POWRPROF.dll
0x00007ff994e00000 - 0x00007ff994e27000 	C:\WINDOWS\SYSTEM32\WINMM.dll
0x00007ff994eb0000 - 0x00007ff994eba000 	C:\WINDOWS\SYSTEM32\VERSION.dll
0x00007ff99b2f0000 - 0x00007ff99b302000 	C:\WINDOWS\SYSTEM32\UMPDC.dll
0x00007ff999b30000 - 0x00007ff999b42000 	C:\WINDOWS\SYSTEM32\kernel.appcore.dll
0x00007ff97c2c0000 - 0x00007ff97c2ca000 	C:\Users\John Paul Uy\OneDrive\Documents\zulu21.28.85-ca-fx-jdk21.0.0-win_x64\bin\jimage.dll
0x00007ff98b2d0000 - 0x00007ff98b4b4000 	C:\WINDOWS\SYSTEM32\DBGHELP.DLL
0x00007ff98b260000 - 0x00007ff98b294000 	C:\WINDOWS\SYSTEM32\dbgcore.DLL
0x00007ff99c440000 - 0x00007ff99c4c2000 	C:\WINDOWS\System32\bcryptPrimitives.dll
0x00007ff960920000 - 0x00007ff96093f000 	C:\Users\John Paul Uy\OneDrive\Documents\zulu21.28.85-ca-fx-jdk21.0.0-win_x64\bin\java.dll

dbghelp: loaded successfully - version: 4.0.5 - missing functions: none
symbol engine: initialized successfully - sym options: 0x614 - pdb path: .;C:\Users\John Paul Uy\OneDrive\Documents\zulu21.28.85-ca-fx-jdk21.0.0-win_x64\bin;C:\WINDOWS\SYSTEM32;C:\WINDOWS\WinSxS\amd64_microsoft.windows.common-controls_6595b64144ccf1df_6.0.19041.1110_none_60b5254171f9507e;C:\Users\John Paul Uy\OneDrive\Documents\zulu21.28.85-ca-fx-jdk21.0.0-win_x64\bin\server

VM Arguments:
jvm_args: -Dant.home=C:\Program Files\NetBeans-19\netbeans\extide\ant\bin\.. 
java_command: org.apache.tools.ant.launch.Launcher -f C:\Users\John Paul Uy\OneDrive\Documents\NetBeansProjects\ROLE-SPECIFIC-POS-SYSTEM\build.xml -Dant.rerun 1 jfx-project-build
java_class_path (initial): C:\Program Files\NetBeans-19\netbeans\extide\ant\bin\..\lib\ant-launcher.jar
Launcher Type: SUN_STANDARD

[Global flags]
     intx CICompilerCount                          = 3                                         {product} {ergonomic}
     uint ConcGCThreads                            = 1                                         {product} {ergonomic}
     uint G1ConcRefinementThreads                  = 4                                         {product} {ergonomic}
   size_t G1HeapRegionSize                         = 1048576                                   {product} {ergonomic}
    uintx GCDrainStackTargetSize                   = 64                                        {product} {ergonomic}
   size_t InitialHeapSize                          = 134217728                                 {product} {ergonomic}
   size_t MarkStackSize                            = 4194304                                   {product} {ergonomic}
   size_t MaxHeapSize                              = 2139095040                                {product} {ergonomic}
   size_t MinHeapDeltaBytes                        = 1048576                                   {product} {ergonomic}
   size_t MinHeapSize                              = 8388608                                   {product} {ergonomic}
    uintx NonNMethodCodeHeapSize                   = 5832780                                {pd product} {ergonomic}
    uintx NonProfiledCodeHeapSize                  = 122912730                              {pd product} {ergonomic}
    uintx ProfiledCodeHeapSize                     = 122912730                              {pd product} {ergonomic}
    uintx ReservedCodeCacheSize                    = 251658240                              {pd product} {ergonomic}
     bool SegmentedCodeCache                       = true                                      {product} {ergonomic}
   size_t SoftMaxHeapSize                          = 2139095040                             {manageable} {ergonomic}
     bool UseCompressedOops                        = true                           {product lp64_product} {ergonomic}
     bool UseG1GC                                  = true                                      {product} {ergonomic}
     bool UseLargePagesIndividualAllocation        = false                                  {pd product} {ergonomic}

Logging:
Log output configuration:
 #0: stdout all=warning uptime,level,tags foldmultilines=false
 #1: stderr all=off uptime,level,tags foldmultilines=false

Environment Variables:
PATH=C:\Program Files\Common Files\Oracle\Java\javapath;C:\Program Files (x86)\Common Files\Oracle\Java\javapath;C:\WINDOWS\system32;C:\WINDOWS;C:\WINDOWS\System32\Wbem;C:\WINDOWS\System32\WindowsPowerShell\v1.0\;C:\WINDOWS\System32\OpenSSH\;C:\Program Files\Java\jdk-19\bin;C:\Users\John Paul Uy\AppData\Local\Microsoft\WindowsApps;
USERNAME=John Paul Uy
OS=Windows_NT
PROCESSOR_IDENTIFIER=AMD64 Family 21 Model 19 Stepping 1, AuthenticAMD
TMP=C:\Users\JOHNPA~1\AppData\Local\Temp
TEMP=C:\Users\JOHNPA~1\AppData\Local\Temp




---------------  S Y S T E M  ---------------

OS:
 Windows 10 , 64 bit Build 19041 (10.0.19041.3155)
OS uptime: 1 days 3:09 hours

CPU: total 4 (initial active 4) (4 cores per cpu, 1 threads per core) family 21 model 19 stepping 1 microcode 0x0, cx8, cmov, fxsr, mmx, 3dnowpref, sse, sse2, sse3, ssse3, sse4a, sse4.1, sse4.2, popcnt, lzcnt, tsc, tscinvbit, avx, aes, clmul, bmi1, fma, vzeroupper, clflush, rdtscp, f16c
Processor Information for all 4 processors :
  Max Mhz: 3900, Current Mhz: 3900, Mhz Limit: 3900

Memory: 4k page, system-wide physical 8158M (1687M free)
TotalPageFile size 13881M (AvailPageFile size 94M)
current process WorkingSet (physical memory assigned to process): 10M, peak: 10M
current process commit charge ("private bytes"): 51M, peak: 179M

vm_info: OpenJDK 64-Bit Server VM (21+35) for windows-amd64 JRE (21+35) (Zulu21.28+85-CA), built on 2023-08-25T12:47:19Z by "zulu_re" with MS VC++ 17.1 (VS2022)

END.
