#
# There is insufficient memory for the Java Runtime Environment to continue.
# Native memory allocation (malloc) failed to allocate 1172176 bytes for Chunk::new
# Possible reasons:
#   The system is out of physical RAM or swap space
#   The process is running with CompressedOops enabled, and the Java Heap may be blocking the growth of the native heap
# Possible solutions:
#   Reduce memory load on the system
#   Increase physical memory or swap space
#   Check if swap backing store is full
#   Decrease Java heap size (-Xmx/-Xms)
#   Decrease number of Java threads
#   Decrease Java thread stack sizes (-Xss)
#   Set larger code cache with -XX:ReservedCodeCacheSize=
#   JVM is running with Unscaled Compressed Oops mode in which the Java heap is
#     placed in the first 4GB address space. The Java Heap base address is the
#     maximum limit for the native heap growth. Please use -XX:HeapBaseMinAddress
#     to set the Java Heap base and to place the Java Heap above 4GB virtual address.
# This output file may be truncated or incomplete.
#
#  Out of Memory Error (arena.cpp:166), pid=6816, tid=10452
#
# JRE version: OpenJDK Runtime Environment Zulu21.28+85-CA (21.0+35) (build 21+35)
# Java VM: OpenJDK 64-Bit Server VM Zulu21.28+85-CA (21+35, mixed mode, sharing, tiered, compressed oops, compressed class ptrs, g1 gc, windows-amd64)
# No core dump will be written. Minidumps are not enabled by default on client versions of Windows
#

---------------  S U M M A R Y ------------

Command Line: -Dfile.encoding=UTF-8 --module-path=C:\Users\Jasper\Downloads\openjfx-21_windows-x64_bin-sdk\javafx-sdk-21\lib --add-modules=javafx.controls,javafx.fxml --module-path=C:\Users\John Paul Uy\OneDrive\Documents\javafx-sdk-21\lib\javafx-swt.jar;C:\Users\John Paul Uy\OneDrive\Documents\javafx-sdk-21\lib\javafx.base.jar;C:\Users\John Paul Uy\OneDrive\Documents\javafx-sdk-21\lib\javafx.controls.jar;C:\Users\John Paul Uy\OneDrive\Documents\javafx-sdk-21\lib\javafx.fxml.jar;C:\Users\John Paul Uy\OneDrive\Documents\javafx-sdk-21\lib\javafx.graphics.jar;C:\Users\John Paul Uy\OneDrive\Documents\javafx-sdk-21\lib\javafx.media.jar;C:\Users\John Paul Uy\OneDrive\Documents\javafx-sdk-21\lib\javafx.swing.jar;C:\Users\John Paul Uy\OneDrive\Documents\javafx-sdk-21\lib\javafx.web.jar;C:\Users\John Paul Uy\OneDrive\Documents\mysql-connector-j-8.1.0.jar Login.LoginTest

Host: AMD A8-6600K APU with Radeon(tm) HD Graphics   , 4 cores, 7G,  Windows 10 , 64 bit Build 19041 (10.0.19041.3155)
Time: Mon Nov  6 22:09:14 2023 Malay Peninsula Standard Time elapsed time: 0.616192 seconds (0d 0h 0m 0s)

---------------  T H R E A D  ---------------

Current thread (0x0000024677273a40):  JavaThread "C2 CompilerThread1" daemon [_thread_in_native, id=10452, stack(0x000000ca01900000,0x000000ca01a00000) (1024K)]


Current CompileTask:
C2:    616  329       4       java.util.stream.ReferencePipeline$3$1::accept (23 bytes)

Stack: [0x000000ca01900000,0x000000ca01a00000]
Native frames: (J=compiled Java code, j=interpreted, Vv=VM code, C=native code)
V  [jvm.dll+0x6ce729]
V  [jvm.dll+0x8a9401]
V  [jvm.dll+0x8ab67e]
V  [jvm.dll+0x8abd53]
V  [jvm.dll+0x283be6]
V  [jvm.dll+0xc5a0d]
V  [jvm.dll+0xc5f23]
V  [jvm.dll+0x2f732f]
V  [jvm.dll+0x5f7df6]
V  [jvm.dll+0x2551cf]
V  [jvm.dll+0x25559f]
V  [jvm.dll+0x24dd14]
V  [jvm.dll+0x24b583]
V  [jvm.dll+0x1cbd01]
V  [jvm.dll+0x25adb9]
V  [jvm.dll+0x25939a]
V  [jvm.dll+0x3f2986]
V  [jvm.dll+0x852288]
V  [jvm.dll+0x6cce7d]
C  [ucrtbase.dll+0x21bb2]
C  [KERNEL32.DLL+0x17614]
C  [ntdll.dll+0x526b1]


---------------  P R O C E S S  ---------------

Threads class SMR info:
_java_thread_list=0x00000246780f1410, length=12, elements={
0x0000024612a98fe0, 0x0000024631f69350, 0x0000024631f6a270, 0x0000024631f6c900,
0x0000024631f70990, 0x0000024631f71800, 0x0000024631f72260, 0x0000024631f73390,
0x0000024631f7b7c0, 0x0000024677216d00, 0x0000024677273a40, 0x0000024677be5110
}

Java Threads: ( => current thread )
  0x0000024612a98fe0 JavaThread "main"                              [_thread_in_vm, id=4696, stack(0x000000ca00800000,0x000000ca00900000) (1024K)]
  0x0000024631f69350 JavaThread "Reference Handler"          daemon [_thread_blocked, id=6880, stack(0x000000ca01000000,0x000000ca01100000) (1024K)]
  0x0000024631f6a270 JavaThread "Finalizer"                  daemon [_thread_blocked, id=15880, stack(0x000000ca01100000,0x000000ca01200000) (1024K)]
  0x0000024631f6c900 JavaThread "Signal Dispatcher"          daemon [_thread_blocked, id=3124, stack(0x000000ca01200000,0x000000ca01300000) (1024K)]
  0x0000024631f70990 JavaThread "Attach Listener"            daemon [_thread_blocked, id=5020, stack(0x000000ca01300000,0x000000ca01400000) (1024K)]
  0x0000024631f71800 JavaThread "Service Thread"             daemon [_thread_blocked, id=1904, stack(0x000000ca01400000,0x000000ca01500000) (1024K)]
  0x0000024631f72260 JavaThread "Monitor Deflation Thread"   daemon [_thread_blocked, id=984, stack(0x000000ca01500000,0x000000ca01600000) (1024K)]
  0x0000024631f73390 JavaThread "C2 CompilerThread0"         daemon [_thread_blocked, id=11648, stack(0x000000ca01600000,0x000000ca01700000) (1024K)]
  0x0000024631f7b7c0 JavaThread "C1 CompilerThread0"         daemon [_thread_in_native, id=804, stack(0x000000ca01700000,0x000000ca01800000) (1024K)]
  0x0000024677216d00 JavaThread "Common-Cleaner"             daemon [_thread_blocked, id=4676, stack(0x000000ca01800000,0x000000ca01900000) (1024K)]
=>0x0000024677273a40 JavaThread "C2 CompilerThread1"         daemon [_thread_in_native, id=10452, stack(0x000000ca01900000,0x000000ca01a00000) (1024K)]
  0x0000024677be5110 JavaThread "Notification Thread"        daemon [_thread_blocked, id=11772, stack(0x000000ca01a00000,0x000000ca01b00000) (1024K)]
Total: 12

Other Threads:
  0x0000024631f47fe0 VMThread "VM Thread"                           [id=4300, stack(0x000000ca00f00000,0x000000ca01000000) (1024K)]
  0x0000024631f2ecf0 WatcherThread "VM Periodic Task Thread"        [id=9600, stack(0x000000ca00e00000,0x000000ca00f00000) (1024K)]
  0x0000024612c0a000 WorkerThread "GC Thread#0"                     [id=12148, stack(0x000000ca00900000,0x000000ca00a00000) (1024K)]
  0x0000024612c1b7b0 ConcurrentGCThread "G1 Main Marker"            [id=13944, stack(0x000000ca00a00000,0x000000ca00b00000) (1024K)]
  0x0000024612c1c7d0 WorkerThread "G1 Conc#0"                       [id=2996, stack(0x000000ca00b00000,0x000000ca00c00000) (1024K)]
  0x0000024612c8e1f0 ConcurrentGCThread "G1 Refine#0"               [id=7104, stack(0x000000ca00c00000,0x000000ca00d00000) (1024K)]
  0x0000024631df30b0 ConcurrentGCThread "G1 Service"                [id=8984, stack(0x000000ca00d00000,0x000000ca00e00000) (1024K)]
Total: 7

Threads with active compile tasks:
C2 CompilerThread1      674  329       4       java.util.stream.ReferencePipeline$3$1::accept (23 bytes)
Total: 1

VM state: not at safepoint (normal execution)

VM Mutex/Monitor currently owned by a thread: None

Heap address: 0x0000000080800000, size: 2040 MB, Compressed Oops mode: 32-bit

CDS archive(s) mapped at: [0x0000024632000000-0x0000024632c90000-0x0000024632c90000), size 13172736, SharedBaseAddress: 0x0000024632000000, ArchiveRelocationMode: 1.
Compressed class space mapped at: 0x0000024633000000-0x0000024673000000, reserved size: 1073741824
Narrow klass base: 0x0000024632000000, Narrow klass shift: 0, Narrow klass range: 0x100000000

GC Precious Log:
 CardTable entry size: 512
 Card Set container configuration: InlinePtr #cards 5 size 8 Array Of Cards #cards 12 size 40 Howl #buckets 4 coarsen threshold 1843 Howl Bitmap #cards 512 size 80 coarsen threshold 460 Card regions per heap region 1 cards per card region 2048
 CPUs: 4 total, 4 available
 Memory: 8158M
 Large Page Support: Disabled
 NUMA Support: Disabled
 Compressed Oops: Enabled (32-bit)
 Heap Region Size: 1M
 Heap Min Capacity: 8M
 Heap Initial Capacity: 128M
 Heap Max Capacity: 2040M
 Pre-touch: Disabled
 Parallel Workers: 4
 Concurrent Workers: 1
 Concurrent Refinement Workers: 4
 Periodic GC: Disabled

Heap:
 garbage-first heap   total 131072K, used 8192K [0x0000000080800000, 0x0000000100000000)
  region size 1024K, 10 young (10240K), 0 survivors (0K)
 Metaspace       used 1221K, committed 1408K, reserved 1114112K
  class space    used 109K, committed 192K, reserved 1048576K

Heap Regions: E=young(eden), S=young(survivor), O=old, HS=humongous(starts), HC=humongous(continues), CS=collection set, F=free, TAMS=top-at-mark-start, PB=parsable bottom
|   0|0x0000000080800000, 0x0000000080800000, 0x0000000080900000|  0%| F|  |TAMS 0x0000000080800000| PB 0x0000000080800000| Untracked 
|   1|0x0000000080900000, 0x0000000080900000, 0x0000000080a00000|  0%| F|  |TAMS 0x0000000080900000| PB 0x0000000080900000| Untracked 
|   2|0x0000000080a00000, 0x0000000080a00000, 0x0000000080b00000|  0%| F|  |TAMS 0x0000000080a00000| PB 0x0000000080a00000| Untracked 
|   3|0x0000000080b00000, 0x0000000080b00000, 0x0000000080c00000|  0%| F|  |TAMS 0x0000000080b00000| PB 0x0000000080b00000| Untracked 
|   4|0x0000000080c00000, 0x0000000080c00000, 0x0000000080d00000|  0%| F|  |TAMS 0x0000000080c00000| PB 0x0000000080c00000| Untracked 
|   5|0x0000000080d00000, 0x0000000080d00000, 0x0000000080e00000|  0%| F|  |TAMS 0x0000000080d00000| PB 0x0000000080d00000| Untracked 
|   6|0x0000000080e00000, 0x0000000080e00000, 0x0000000080f00000|  0%| F|  |TAMS 0x0000000080e00000| PB 0x0000000080e00000| Untracked 
|   7|0x0000000080f00000, 0x0000000080f00000, 0x0000000081000000|  0%| F|  |TAMS 0x0000000080f00000| PB 0x0000000080f00000| Untracked 
|   8|0x0000000081000000, 0x0000000081000000, 0x0000000081100000|  0%| F|  |TAMS 0x0000000081000000| PB 0x0000000081000000| Untracked 
|   9|0x0000000081100000, 0x0000000081100000, 0x0000000081200000|  0%| F|  |TAMS 0x0000000081100000| PB 0x0000000081100000| Untracked 
|  10|0x0000000081200000, 0x0000000081200000, 0x0000000081300000|  0%| F|  |TAMS 0x0000000081200000| PB 0x0000000081200000| Untracked 
|  11|0x0000000081300000, 0x0000000081300000, 0x0000000081400000|  0%| F|  |TAMS 0x0000000081300000| PB 0x0000000081300000| Untracked 
|  12|0x0000000081400000, 0x0000000081400000, 0x0000000081500000|  0%| F|  |TAMS 0x0000000081400000| PB 0x0000000081400000| Untracked 
|  13|0x0000000081500000, 0x0000000081500000, 0x0000000081600000|  0%| F|  |TAMS 0x0000000081500000| PB 0x0000000081500000| Untracked 
|  14|0x0000000081600000, 0x0000000081600000, 0x0000000081700000|  0%| F|  |TAMS 0x0000000081600000| PB 0x0000000081600000| Untracked 
|  15|0x0000000081700000, 0x0000000081700000, 0x0000000081800000|  0%| F|  |TAMS 0x0000000081700000| PB 0x0000000081700000| Untracked 
|  16|0x0000000081800000, 0x0000000081800000, 0x0000000081900000|  0%| F|  |TAMS 0x0000000081800000| PB 0x0000000081800000| Untracked 
|  17|0x0000000081900000, 0x0000000081900000, 0x0000000081a00000|  0%| F|  |TAMS 0x0000000081900000| PB 0x0000000081900000| Untracked 
|  18|0x0000000081a00000, 0x0000000081a00000, 0x0000000081b00000|  0%| F|  |TAMS 0x0000000081a00000| PB 0x0000000081a00000| Untracked 
|  19|0x0000000081b00000, 0x0000000081b00000, 0x0000000081c00000|  0%| F|  |TAMS 0x0000000081b00000| PB 0x0000000081b00000| Untracked 
|  20|0x0000000081c00000, 0x0000000081c00000, 0x0000000081d00000|  0%| F|  |TAMS 0x0000000081c00000| PB 0x0000000081c00000| Untracked 
|  21|0x0000000081d00000, 0x0000000081d00000, 0x0000000081e00000|  0%| F|  |TAMS 0x0000000081d00000| PB 0x0000000081d00000| Untracked 
|  22|0x0000000081e00000, 0x0000000081e00000, 0x0000000081f00000|  0%| F|  |TAMS 0x0000000081e00000| PB 0x0000000081e00000| Untracked 
|  23|0x0000000081f00000, 0x0000000081f00000, 0x0000000082000000|  0%| F|  |TAMS 0x0000000081f00000| PB 0x0000000081f00000| Untracked 
|  24|0x0000000082000000, 0x0000000082000000, 0x0000000082100000|  0%| F|  |TAMS 0x0000000082000000| PB 0x0000000082000000| Untracked 
|  25|0x0000000082100000, 0x0000000082100000, 0x0000000082200000|  0%| F|  |TAMS 0x0000000082100000| PB 0x0000000082100000| Untracked 
|  26|0x0000000082200000, 0x0000000082200000, 0x0000000082300000|  0%| F|  |TAMS 0x0000000082200000| PB 0x0000000082200000| Untracked 
|  27|0x0000000082300000, 0x0000000082300000, 0x0000000082400000|  0%| F|  |TAMS 0x0000000082300000| PB 0x0000000082300000| Untracked 
|  28|0x0000000082400000, 0x0000000082400000, 0x0000000082500000|  0%| F|  |TAMS 0x0000000082400000| PB 0x0000000082400000| Untracked 
|  29|0x0000000082500000, 0x0000000082500000, 0x0000000082600000|  0%| F|  |TAMS 0x0000000082500000| PB 0x0000000082500000| Untracked 
|  30|0x0000000082600000, 0x0000000082600000, 0x0000000082700000|  0%| F|  |TAMS 0x0000000082600000| PB 0x0000000082600000| Untracked 
|  31|0x0000000082700000, 0x0000000082700000, 0x0000000082800000|  0%| F|  |TAMS 0x0000000082700000| PB 0x0000000082700000| Untracked 
|  32|0x0000000082800000, 0x0000000082800000, 0x0000000082900000|  0%| F|  |TAMS 0x0000000082800000| PB 0x0000000082800000| Untracked 
|  33|0x0000000082900000, 0x0000000082900000, 0x0000000082a00000|  0%| F|  |TAMS 0x0000000082900000| PB 0x0000000082900000| Untracked 
|  34|0x0000000082a00000, 0x0000000082a00000, 0x0000000082b00000|  0%| F|  |TAMS 0x0000000082a00000| PB 0x0000000082a00000| Untracked 
|  35|0x0000000082b00000, 0x0000000082b00000, 0x0000000082c00000|  0%| F|  |TAMS 0x0000000082b00000| PB 0x0000000082b00000| Untracked 
|  36|0x0000000082c00000, 0x0000000082c00000, 0x0000000082d00000|  0%| F|  |TAMS 0x0000000082c00000| PB 0x0000000082c00000| Untracked 
|  37|0x0000000082d00000, 0x0000000082d00000, 0x0000000082e00000|  0%| F|  |TAMS 0x0000000082d00000| PB 0x0000000082d00000| Untracked 
|  38|0x0000000082e00000, 0x0000000082e00000, 0x0000000082f00000|  0%| F|  |TAMS 0x0000000082e00000| PB 0x0000000082e00000| Untracked 
|  39|0x0000000082f00000, 0x0000000082f00000, 0x0000000083000000|  0%| F|  |TAMS 0x0000000082f00000| PB 0x0000000082f00000| Untracked 
|  40|0x0000000083000000, 0x0000000083000000, 0x0000000083100000|  0%| F|  |TAMS 0x0000000083000000| PB 0x0000000083000000| Untracked 
|  41|0x0000000083100000, 0x0000000083100000, 0x0000000083200000|  0%| F|  |TAMS 0x0000000083100000| PB 0x0000000083100000| Untracked 
|  42|0x0000000083200000, 0x0000000083200000, 0x0000000083300000|  0%| F|  |TAMS 0x0000000083200000| PB 0x0000000083200000| Untracked 
|  43|0x0000000083300000, 0x0000000083300000, 0x0000000083400000|  0%| F|  |TAMS 0x0000000083300000| PB 0x0000000083300000| Untracked 
|  44|0x0000000083400000, 0x0000000083400000, 0x0000000083500000|  0%| F|  |TAMS 0x0000000083400000| PB 0x0000000083400000| Untracked 
|  45|0x0000000083500000, 0x0000000083500000, 0x0000000083600000|  0%| F|  |TAMS 0x0000000083500000| PB 0x0000000083500000| Untracked 
|  46|0x0000000083600000, 0x0000000083600000, 0x0000000083700000|  0%| F|  |TAMS 0x0000000083600000| PB 0x0000000083600000| Untracked 
|  47|0x0000000083700000, 0x0000000083700000, 0x0000000083800000|  0%| F|  |TAMS 0x0000000083700000| PB 0x0000000083700000| Untracked 
|  48|0x0000000083800000, 0x0000000083800000, 0x0000000083900000|  0%| F|  |TAMS 0x0000000083800000| PB 0x0000000083800000| Untracked 
|  49|0x0000000083900000, 0x0000000083900000, 0x0000000083a00000|  0%| F|  |TAMS 0x0000000083900000| PB 0x0000000083900000| Untracked 
|  50|0x0000000083a00000, 0x0000000083a00000, 0x0000000083b00000|  0%| F|  |TAMS 0x0000000083a00000| PB 0x0000000083a00000| Untracked 
|  51|0x0000000083b00000, 0x0000000083b00000, 0x0000000083c00000|  0%| F|  |TAMS 0x0000000083b00000| PB 0x0000000083b00000| Untracked 
|  52|0x0000000083c00000, 0x0000000083c00000, 0x0000000083d00000|  0%| F|  |TAMS 0x0000000083c00000| PB 0x0000000083c00000| Untracked 
|  53|0x0000000083d00000, 0x0000000083d00000, 0x0000000083e00000|  0%| F|  |TAMS 0x0000000083d00000| PB 0x0000000083d00000| Untracked 
|  54|0x0000000083e00000, 0x0000000083e00000, 0x0000000083f00000|  0%| F|  |TAMS 0x0000000083e00000| PB 0x0000000083e00000| Untracked 
|  55|0x0000000083f00000, 0x0000000083f00000, 0x0000000084000000|  0%| F|  |TAMS 0x0000000083f00000| PB 0x0000000083f00000| Untracked 
|  56|0x0000000084000000, 0x0000000084000000, 0x0000000084100000|  0%| F|  |TAMS 0x0000000084000000| PB 0x0000000084000000| Untracked 
|  57|0x0000000084100000, 0x0000000084100000, 0x0000000084200000|  0%| F|  |TAMS 0x0000000084100000| PB 0x0000000084100000| Untracked 
|  58|0x0000000084200000, 0x0000000084200000, 0x0000000084300000|  0%| F|  |TAMS 0x0000000084200000| PB 0x0000000084200000| Untracked 
|  59|0x0000000084300000, 0x0000000084300000, 0x0000000084400000|  0%| F|  |TAMS 0x0000000084300000| PB 0x0000000084300000| Untracked 
|  60|0x0000000084400000, 0x0000000084400000, 0x0000000084500000|  0%| F|  |TAMS 0x0000000084400000| PB 0x0000000084400000| Untracked 
|  61|0x0000000084500000, 0x0000000084500000, 0x0000000084600000|  0%| F|  |TAMS 0x0000000084500000| PB 0x0000000084500000| Untracked 
|  62|0x0000000084600000, 0x0000000084600000, 0x0000000084700000|  0%| F|  |TAMS 0x0000000084600000| PB 0x0000000084600000| Untracked 
|  63|0x0000000084700000, 0x0000000084700000, 0x0000000084800000|  0%| F|  |TAMS 0x0000000084700000| PB 0x0000000084700000| Untracked 
|  64|0x0000000084800000, 0x0000000084800000, 0x0000000084900000|  0%| F|  |TAMS 0x0000000084800000| PB 0x0000000084800000| Untracked 
|  65|0x0000000084900000, 0x0000000084900000, 0x0000000084a00000|  0%| F|  |TAMS 0x0000000084900000| PB 0x0000000084900000| Untracked 
|  66|0x0000000084a00000, 0x0000000084a00000, 0x0000000084b00000|  0%| F|  |TAMS 0x0000000084a00000| PB 0x0000000084a00000| Untracked 
|  67|0x0000000084b00000, 0x0000000084b00000, 0x0000000084c00000|  0%| F|  |TAMS 0x0000000084b00000| PB 0x0000000084b00000| Untracked 
|  68|0x0000000084c00000, 0x0000000084c00000, 0x0000000084d00000|  0%| F|  |TAMS 0x0000000084c00000| PB 0x0000000084c00000| Untracked 
|  69|0x0000000084d00000, 0x0000000084d00000, 0x0000000084e00000|  0%| F|  |TAMS 0x0000000084d00000| PB 0x0000000084d00000| Untracked 
|  70|0x0000000084e00000, 0x0000000084e00000, 0x0000000084f00000|  0%| F|  |TAMS 0x0000000084e00000| PB 0x0000000084e00000| Untracked 
|  71|0x0000000084f00000, 0x0000000084f00000, 0x0000000085000000|  0%| F|  |TAMS 0x0000000084f00000| PB 0x0000000084f00000| Untracked 
|  72|0x0000000085000000, 0x0000000085000000, 0x0000000085100000|  0%| F|  |TAMS 0x0000000085000000| PB 0x0000000085000000| Untracked 
|  73|0x0000000085100000, 0x0000000085100000, 0x0000000085200000|  0%| F|  |TAMS 0x0000000085100000| PB 0x0000000085100000| Untracked 
|  74|0x0000000085200000, 0x0000000085200000, 0x0000000085300000|  0%| F|  |TAMS 0x0000000085200000| PB 0x0000000085200000| Untracked 
|  75|0x0000000085300000, 0x0000000085300000, 0x0000000085400000|  0%| F|  |TAMS 0x0000000085300000| PB 0x0000000085300000| Untracked 
|  76|0x0000000085400000, 0x0000000085400000, 0x0000000085500000|  0%| F|  |TAMS 0x0000000085400000| PB 0x0000000085400000| Untracked 
|  77|0x0000000085500000, 0x0000000085500000, 0x0000000085600000|  0%| F|  |TAMS 0x0000000085500000| PB 0x0000000085500000| Untracked 
|  78|0x0000000085600000, 0x0000000085600000, 0x0000000085700000|  0%| F|  |TAMS 0x0000000085600000| PB 0x0000000085600000| Untracked 
|  79|0x0000000085700000, 0x0000000085700000, 0x0000000085800000|  0%| F|  |TAMS 0x0000000085700000| PB 0x0000000085700000| Untracked 
|  80|0x0000000085800000, 0x0000000085800000, 0x0000000085900000|  0%| F|  |TAMS 0x0000000085800000| PB 0x0000000085800000| Untracked 
|  81|0x0000000085900000, 0x0000000085900000, 0x0000000085a00000|  0%| F|  |TAMS 0x0000000085900000| PB 0x0000000085900000| Untracked 
|  82|0x0000000085a00000, 0x0000000085a00000, 0x0000000085b00000|  0%| F|  |TAMS 0x0000000085a00000| PB 0x0000000085a00000| Untracked 
|  83|0x0000000085b00000, 0x0000000085b00000, 0x0000000085c00000|  0%| F|  |TAMS 0x0000000085b00000| PB 0x0000000085b00000| Untracked 
|  84|0x0000000085c00000, 0x0000000085c00000, 0x0000000085d00000|  0%| F|  |TAMS 0x0000000085c00000| PB 0x0000000085c00000| Untracked 
|  85|0x0000000085d00000, 0x0000000085d00000, 0x0000000085e00000|  0%| F|  |TAMS 0x0000000085d00000| PB 0x0000000085d00000| Untracked 
|  86|0x0000000085e00000, 0x0000000085e00000, 0x0000000085f00000|  0%| F|  |TAMS 0x0000000085e00000| PB 0x0000000085e00000| Untracked 
|  87|0x0000000085f00000, 0x0000000085f00000, 0x0000000086000000|  0%| F|  |TAMS 0x0000000085f00000| PB 0x0000000085f00000| Untracked 
|  88|0x0000000086000000, 0x0000000086000000, 0x0000000086100000|  0%| F|  |TAMS 0x0000000086000000| PB 0x0000000086000000| Untracked 
|  89|0x0000000086100000, 0x0000000086100000, 0x0000000086200000|  0%| F|  |TAMS 0x0000000086100000| PB 0x0000000086100000| Untracked 
|  90|0x0000000086200000, 0x0000000086200000, 0x0000000086300000|  0%| F|  |TAMS 0x0000000086200000| PB 0x0000000086200000| Untracked 
|  91|0x0000000086300000, 0x0000000086300000, 0x0000000086400000|  0%| F|  |TAMS 0x0000000086300000| PB 0x0000000086300000| Untracked 
|  92|0x0000000086400000, 0x0000000086400000, 0x0000000086500000|  0%| F|  |TAMS 0x0000000086400000| PB 0x0000000086400000| Untracked 
|  93|0x0000000086500000, 0x0000000086500000, 0x0000000086600000|  0%| F|  |TAMS 0x0000000086500000| PB 0x0000000086500000| Untracked 
|  94|0x0000000086600000, 0x0000000086600000, 0x0000000086700000|  0%| F|  |TAMS 0x0000000086600000| PB 0x0000000086600000| Untracked 
|  95|0x0000000086700000, 0x0000000086700000, 0x0000000086800000|  0%| F|  |TAMS 0x0000000086700000| PB 0x0000000086700000| Untracked 
|  96|0x0000000086800000, 0x0000000086800000, 0x0000000086900000|  0%| F|  |TAMS 0x0000000086800000| PB 0x0000000086800000| Untracked 
|  97|0x0000000086900000, 0x0000000086900000, 0x0000000086a00000|  0%| F|  |TAMS 0x0000000086900000| PB 0x0000000086900000| Untracked 
|  98|0x0000000086a00000, 0x0000000086a00000, 0x0000000086b00000|  0%| F|  |TAMS 0x0000000086a00000| PB 0x0000000086a00000| Untracked 
|  99|0x0000000086b00000, 0x0000000086b00000, 0x0000000086c00000|  0%| F|  |TAMS 0x0000000086b00000| PB 0x0000000086b00000| Untracked 
| 100|0x0000000086c00000, 0x0000000086c00000, 0x0000000086d00000|  0%| F|  |TAMS 0x0000000086c00000| PB 0x0000000086c00000| Untracked 
| 101|0x0000000086d00000, 0x0000000086d00000, 0x0000000086e00000|  0%| F|  |TAMS 0x0000000086d00000| PB 0x0000000086d00000| Untracked 
| 102|0x0000000086e00000, 0x0000000086e00000, 0x0000000086f00000|  0%| F|  |TAMS 0x0000000086e00000| PB 0x0000000086e00000| Untracked 
| 103|0x0000000086f00000, 0x0000000086f00000, 0x0000000087000000|  0%| F|  |TAMS 0x0000000086f00000| PB 0x0000000086f00000| Untracked 
| 104|0x0000000087000000, 0x0000000087000000, 0x0000000087100000|  0%| F|  |TAMS 0x0000000087000000| PB 0x0000000087000000| Untracked 
| 105|0x0000000087100000, 0x0000000087100000, 0x0000000087200000|  0%| F|  |TAMS 0x0000000087100000| PB 0x0000000087100000| Untracked 
| 106|0x0000000087200000, 0x0000000087200000, 0x0000000087300000|  0%| F|  |TAMS 0x0000000087200000| PB 0x0000000087200000| Untracked 
| 107|0x0000000087300000, 0x0000000087300000, 0x0000000087400000|  0%| F|  |TAMS 0x0000000087300000| PB 0x0000000087300000| Untracked 
| 108|0x0000000087400000, 0x0000000087400000, 0x0000000087500000|  0%| F|  |TAMS 0x0000000087400000| PB 0x0000000087400000| Untracked 
| 109|0x0000000087500000, 0x0000000087500000, 0x0000000087600000|  0%| F|  |TAMS 0x0000000087500000| PB 0x0000000087500000| Untracked 
| 110|0x0000000087600000, 0x0000000087600000, 0x0000000087700000|  0%| F|  |TAMS 0x0000000087600000| PB 0x0000000087600000| Untracked 
| 111|0x0000000087700000, 0x0000000087700000, 0x0000000087800000|  0%| F|  |TAMS 0x0000000087700000| PB 0x0000000087700000| Untracked 
| 112|0x0000000087800000, 0x0000000087800000, 0x0000000087900000|  0%| F|  |TAMS 0x0000000087800000| PB 0x0000000087800000| Untracked 
| 113|0x0000000087900000, 0x0000000087900000, 0x0000000087a00000|  0%| F|  |TAMS 0x0000000087900000| PB 0x0000000087900000| Untracked 
| 114|0x0000000087a00000, 0x0000000087a00000, 0x0000000087b00000|  0%| F|  |TAMS 0x0000000087a00000| PB 0x0000000087a00000| Untracked 
| 115|0x0000000087b00000, 0x0000000087b00000, 0x0000000087c00000|  0%| F|  |TAMS 0x0000000087b00000| PB 0x0000000087b00000| Untracked 
| 116|0x0000000087c00000, 0x0000000087c00000, 0x0000000087d00000|  0%| F|  |TAMS 0x0000000087c00000| PB 0x0000000087c00000| Untracked 
| 117|0x0000000087d00000, 0x0000000087d00000, 0x0000000087e00000|  0%| F|  |TAMS 0x0000000087d00000| PB 0x0000000087d00000| Untracked 
| 118|0x0000000087e00000, 0x0000000087e8c450, 0x0000000087f00000| 54%| E|  |TAMS 0x0000000087e00000| PB 0x0000000087e00000| Complete 
| 119|0x0000000087f00000, 0x0000000088000000, 0x0000000088000000|100%| E|  |TAMS 0x0000000087f00000| PB 0x0000000087f00000| Complete 
| 120|0x0000000088000000, 0x0000000088100000, 0x0000000088100000|100%| E|CS|TAMS 0x0000000088000000| PB 0x0000000088000000| Complete 
| 121|0x0000000088100000, 0x0000000088200000, 0x0000000088200000|100%| E|CS|TAMS 0x0000000088100000| PB 0x0000000088100000| Complete 
| 122|0x0000000088200000, 0x0000000088300000, 0x0000000088300000|100%| E|CS|TAMS 0x0000000088200000| PB 0x0000000088200000| Complete 
| 123|0x0000000088300000, 0x0000000088400000, 0x0000000088400000|100%| E|CS|TAMS 0x0000000088300000| PB 0x0000000088300000| Complete 
| 124|0x0000000088400000, 0x0000000088500000, 0x0000000088500000|100%| E|CS|TAMS 0x0000000088400000| PB 0x0000000088400000| Complete 
| 125|0x0000000088500000, 0x0000000088600000, 0x0000000088600000|100%| E|CS|TAMS 0x0000000088500000| PB 0x0000000088500000| Complete 
| 126|0x0000000088600000, 0x0000000088700000, 0x0000000088700000|100%| E|CS|TAMS 0x0000000088600000| PB 0x0000000088600000| Complete 
| 127|0x0000000088700000, 0x0000000088800000, 0x0000000088800000|100%| E|CS|TAMS 0x0000000088700000| PB 0x0000000088700000| Complete 

Card table byte_map: [0x000002462d570000,0x000002462d970000] _byte_map_base: 0x000002462d16c000

Marking Bits: (CMBitMap*) 0x0000024612c0a610
 Bits: [0x000002462d970000, 0x000002462f950000)

Polling page: 0x0000024612c90000

Metaspace:

Usage:
  Non-class:      1.12 MB used.
      Class:    117.49 KB used.
       Both:      1.24 MB used.

Virtual space:
  Non-class space:       64.00 MB reserved,       1.19 MB (  2%) committed,  1 nodes.
      Class space:        1.00 GB reserved,     192.00 KB ( <1%) committed,  1 nodes.
             Both:        1.06 GB reserved,       1.38 MB ( <1%) committed. 

Chunk freelists:
   Non-Class:  11.58 MB
       Class:  15.67 MB
        Both:  27.25 MB

MaxMetaspaceSize: unlimited
CompressedClassSpaceSize: 1.00 GB
Initial GC threshold: 21.00 MB
Current GC threshold: 21.00 MB
CDS: on
 - commit_granule_bytes: 65536.
 - commit_granule_words: 8192.
 - virtual_space_node_default_size: 8388608.
 - enlarge_chunks_in_place: 1.
 - use_allocation_guard: 0.


Internal statistics:

num_allocs_failed_limit: 0.
num_arena_births: 34.
num_arena_deaths: 0.
num_vsnodes_births: 2.
num_vsnodes_deaths: 0.
num_space_committed: 23.
num_space_uncommitted: 0.
num_chunks_returned_to_freelist: 0.
num_chunks_taken_from_freelist: 59.
num_chunk_merges: 0.
num_chunk_splits: 40.
num_chunks_enlarged: 28.
num_inconsistent_stats: 0.

CodeHeap 'non-profiled nmethods': size=120000Kb used=197Kb max_used=197Kb free=119802Kb
 bounds [0x0000024625610000, 0x0000024625880000, 0x000002462cb40000]
CodeHeap 'profiled nmethods': size=120000Kb used=818Kb max_used=818Kb free=119182Kb
 bounds [0x000002461db40000, 0x000002461ddb0000, 0x0000024625070000]
CodeHeap 'non-nmethods': size=5760Kb used=1303Kb max_used=1307Kb free=4456Kb
 bounds [0x0000024625070000, 0x00000246252e0000, 0x0000024625610000]
 total_blobs=971 nmethods=553 adapters=324
 compilation: enabled
              stopped_count=0, restarted_count=0
 full_count=0

Compilation events (20 events):
Event: 0.584 Thread 0x0000024631f73390  370       4       java.lang.String::startsWith (123 bytes)
Event: 0.589 Thread 0x0000024631f7b7c0  487       3       java.lang.String::substring (58 bytes)
Event: 0.590 Thread 0x0000024631f7b7c0 nmethod 487 0x000002461dbf3010 code [0x000002461dbf3240, 0x000002461dbf3868]
Event: 0.590 Thread 0x0000024631f73390 nmethod 370 0x0000024625639e90 code [0x000002462563a040, 0x000002462563a370]
Event: 0.599 Thread 0x0000024631f7b7c0  489       3       java.nio.Buffer::checkIndex (12 bytes)
Event: 0.600 Thread 0x0000024631f7b7c0 nmethod 489 0x000002461dbf3a90 code [0x000002461dbf3c40, 0x000002461dbf3da0]
Event: 0.600 Thread 0x0000024631f7b7c0  490       3       java.nio.Buffer::session (20 bytes)
Event: 0.600 Thread 0x0000024631f7b7c0 nmethod 490 0x000002461dbf3e90 code [0x000002461dbf4060, 0x000002461dbf4348]
Event: 0.601 Thread 0x0000024631f7b7c0  492   !   3       java.nio.DirectByteBuffer::get (34 bytes)
Event: 0.601 Thread 0x0000024631f73390  496       4       java.lang.ref.Reference::reachabilityFence (1 bytes)
Event: 0.602 Thread 0x0000024631f73390 nmethod 496 0x000002462563b010 code [0x000002462563b180, 0x000002462563b1e8]
Event: 0.603 Thread 0x0000024631f7b7c0 nmethod 492 0x000002461dbf4410 code [0x000002461dbf4660, 0x000002461dbf4fc0]
Event: 0.603 Thread 0x0000024631f7b7c0  493       3       java.nio.DirectByteBuffer::ix (10 bytes)
Event: 0.603 Thread 0x0000024631f7b7c0 nmethod 493 0x000002461dbf5490 code [0x000002461dbf5620, 0x000002461dbf5738]
Event: 0.603 Thread 0x0000024631f7b7c0  494   !   3       jdk.internal.misc.ScopedMemoryAccess::getByte (16 bytes)
Event: 0.604 Thread 0x0000024631f7b7c0 nmethod 494 0x000002461dbf5810 code [0x000002461dbf5a00, 0x000002461dbf5df0]
Event: 0.604 Thread 0x0000024631f7b7c0  495       1       java.nio.Buffer::limit (5 bytes)
Event: 0.604 Thread 0x0000024631f7b7c0 nmethod 495 0x000002462563b310 code [0x000002462563b4a0, 0x000002462563b568]
Event: 0.608 Thread 0x0000024631f73390  497       4       java.util.concurrent.ConcurrentHashMap::casTabAt (21 bytes)
Event: 0.610 Thread 0x0000024631f7b7c0  499       3       java.lang.StringLatin1::newString (24 bytes)

GC Heap History (0 events):
No events

Dll operation events (6 events):
Event: 0.009 Loaded shared library C:\Users\John Paul Uy\OneDrive\Documents\zulu21.28.85-ca-fx-jdk21.0.0-win_x64\bin\java.dll
Event: 0.071 Loaded shared library C:\Users\John Paul Uy\OneDrive\Documents\zulu21.28.85-ca-fx-jdk21.0.0-win_x64\bin\jsvml.dll
Event: 0.188 Loaded shared library C:\Users\John Paul Uy\OneDrive\Documents\zulu21.28.85-ca-fx-jdk21.0.0-win_x64\bin\net.dll
Event: 0.194 Loaded shared library C:\Users\John Paul Uy\OneDrive\Documents\zulu21.28.85-ca-fx-jdk21.0.0-win_x64\bin\nio.dll
Event: 0.203 Loaded shared library C:\Users\John Paul Uy\OneDrive\Documents\zulu21.28.85-ca-fx-jdk21.0.0-win_x64\bin\zip.dll
Event: 0.597 Loaded shared library C:\Users\John Paul Uy\OneDrive\Documents\zulu21.28.85-ca-fx-jdk21.0.0-win_x64\bin\jimage.dll

Deoptimization events (20 events):
Event: 0.449 Thread 0x0000024612a98fe0 Uncommon trap: trap_request=0xffffffde fr.pc=0x000002462562bbf8 relative=0x0000000000000c98
Event: 0.449 Thread 0x0000024612a98fe0 Uncommon trap: reason=class_check action=maybe_recompile pc=0x000002462562bbf8 method=java.util.HashMap.putVal(ILjava/lang/Object;Ljava/lang/Object;ZZ)Ljava/lang/Object; @ 152 c2
Event: 0.449 Thread 0x0000024612a98fe0 DEOPT PACKING pc=0x000002462562bbf8 sp=0x000000ca008fe100
Event: 0.449 Thread 0x0000024612a98fe0 DEOPT UNPACKING pc=0x00000246250c46a2 sp=0x000000ca008fe080 mode 2
Event: 0.503 Thread 0x0000024612a98fe0 Uncommon trap: trap_request=0xffffff45 fr.pc=0x0000024625624fd0 relative=0x0000000000000210
Event: 0.503 Thread 0x0000024612a98fe0 Uncommon trap: reason=unstable_if action=reinterpret pc=0x0000024625624fd0 method=java.util.ImmutableCollections$SetN.probe(Ljava/lang/Object;)I @ 34 c2
Event: 0.503 Thread 0x0000024612a98fe0 DEOPT PACKING pc=0x0000024625624fd0 sp=0x000000ca008fed40
Event: 0.503 Thread 0x0000024612a98fe0 DEOPT UNPACKING pc=0x00000246250c46a2 sp=0x000000ca008fecd0 mode 2
Event: 0.522 Thread 0x0000024612a98fe0 Uncommon trap: trap_request=0xffffff45 fr.pc=0x00000246256247dc relative=0x00000000000005fc
Event: 0.522 Thread 0x0000024612a98fe0 Uncommon trap: reason=unstable_if action=reinterpret pc=0x00000246256247dc method=java.lang.StringLatin1.newString([BII)Ljava/lang/String; @ 1 c2
Event: 0.523 Thread 0x0000024612a98fe0 DEOPT PACKING pc=0x00000246256247dc sp=0x000000ca008feb80
Event: 0.523 Thread 0x0000024612a98fe0 DEOPT UNPACKING pc=0x00000246250c46a2 sp=0x000000ca008feae0 mode 2
Event: 0.523 Thread 0x0000024612a98fe0 Uncommon trap: trap_request=0xffffff45 fr.pc=0x0000024625625908 relative=0x00000000000004c8
Event: 0.523 Thread 0x0000024612a98fe0 Uncommon trap: reason=unstable_if action=reinterpret pc=0x0000024625625908 method=java.lang.StringLatin1.newString([BII)Ljava/lang/String; @ 1 c2
Event: 0.523 Thread 0x0000024612a98fe0 DEOPT PACKING pc=0x0000024625625908 sp=0x000000ca008feb00
Event: 0.524 Thread 0x0000024612a98fe0 DEOPT UNPACKING pc=0x00000246250c46a2 sp=0x000000ca008feae0 mode 2
Event: 0.539 Thread 0x0000024612a98fe0 Uncommon trap: trap_request=0xffffff45 fr.pc=0x000002462561e360 relative=0x00000000000000c0
Event: 0.539 Thread 0x0000024612a98fe0 Uncommon trap: reason=unstable_if action=reinterpret pc=0x000002462561e360 method=java.lang.String.isLatin1()Z @ 10 c2
Event: 0.539 Thread 0x0000024612a98fe0 DEOPT PACKING pc=0x000002462561e360 sp=0x000000ca008ff040
Event: 0.539 Thread 0x0000024612a98fe0 DEOPT UNPACKING pc=0x00000246250c46a2 sp=0x000000ca008fef80 mode 2

Classes loaded (20 events):
Event: 0.589 Loading class jdk/internal/loader/URLClassPath$FileLoader$1
Event: 0.589 Loading class jdk/internal/loader/URLClassPath$FileLoader$1 done
Event: 0.593 Loading class jdk/internal/module/ModulePatcher$PatchedModuleReader
Event: 0.593 Loading class jdk/internal/module/ModulePatcher$PatchedModuleReader done
Event: 0.598 Loading class jdk/internal/jimage/ImageLocation
Event: 0.598 Loading class jdk/internal/jimage/ImageLocation done
Event: 0.598 Loading class sun/net/www/protocol/jrt/Handler
Event: 0.599 Loading class sun/net/www/protocol/jrt/Handler done
Event: 0.599 Loading class sun/launcher/LauncherHelper$FXHelper
Event: 0.599 Loading class sun/launcher/LauncherHelper$FXHelper done
Event: 0.605 Loading class java/lang/InterruptedException
Event: 0.605 Loading class java/lang/InterruptedException done
Event: 0.605 Loading class java/lang/IllegalAccessException
Event: 0.605 Loading class java/lang/IllegalAccessException done
Event: 0.605 Loading class java/lang/reflect/InvocationTargetException
Event: 0.605 Loading class java/lang/reflect/InvocationTargetException done
Event: 0.607 Loading class java/lang/IllegalStateException
Event: 0.608 Loading class java/lang/IllegalStateException done
Event: 0.608 Loading class java/io/IOException
Event: 0.609 Loading class java/io/IOException done

Classes unloaded (0 events):
No events

Classes redefined (0 events):
No events

Internal exceptions (5 events):
Event: 0.465 Thread 0x0000024612a98fe0 Exception <a 'java/lang/NoSuchMethodError'{0x00000000880753b8}: 'void java.lang.invoke.DirectMethodHandle$Holder.invokeSpecial(java.lang.Object, java.lang.Object, java.lang.Object)'> (0x00000000880753b8) 
thrown [s\src\hotspot\share\interpreter\linkResolver.cpp, line 773]
Event: 0.472 Thread 0x0000024612a98fe0 Exception <a 'java/lang/NoSuchMethodError'{0x0000000088084d38}: 'void java.lang.invoke.DirectMethodHandle$Holder.invokeSpecial(java.lang.Object, java.lang.Object, java.lang.Object, java.lang.Object, java.lang.Object)'> (0x0000000088084d38) 
thrown [s\src\hotspot\share\interpreter\linkResolver.cpp, line 773]
Event: 0.478 Thread 0x0000024612a98fe0 Exception <a 'java/lang/NoSuchMethodError'{0x00000000880948f8}: 'java.lang.Object java.lang.invoke.DirectMethodHandle$Holder.invokeInterface(java.lang.Object, java.lang.Object)'> (0x00000000880948f8) 
thrown [s\src\hotspot\share\interpreter\linkResolver.cpp, line 773]
Event: 0.479 Thread 0x0000024612a98fe0 Exception <a 'java/lang/IncompatibleClassChangeError'{0x0000000088097b60}: Found class java.lang.Object, but interface was expected> (0x0000000088097b60) 
thrown [s\src\hotspot\share\interpreter\linkResolver.cpp, line 840]
Event: 0.479 Thread 0x0000024612a98fe0 Exception <a 'java/lang/NoSuchMethodError'{0x000000008809a400}: 'void java.lang.invoke.DirectMethodHandle$Holder.invokeStatic(java.lang.Object, java.lang.Object, java.lang.Object, java.lang.Object)'> (0x000000008809a400) 
thrown [s\src\hotspot\share\interpreter\linkResolver.cpp, line 773]

ZGC Phase Switch (0 events):
No events

VM Operations (4 events):
Event: 0.205 Executing VM operation: HandshakeAllThreads (Deoptimize)
Event: 0.205 Executing VM operation: HandshakeAllThreads (Deoptimize) done
Event: 0.475 Executing VM operation: HandshakeAllThreads (Deoptimize)
Event: 0.475 Executing VM operation: HandshakeAllThreads (Deoptimize) done

Events (12 events):
Event: 0.033 Thread 0x0000024612a98fe0 Thread added: 0x0000024612a98fe0
Event: 0.067 Thread 0x0000024631f69350 Thread added: 0x0000024631f69350
Event: 0.067 Thread 0x0000024631f6a270 Thread added: 0x0000024631f6a270
Event: 0.068 Thread 0x0000024631f6c900 Thread added: 0x0000024631f6c900
Event: 0.068 Thread 0x0000024631f70990 Thread added: 0x0000024631f70990
Event: 0.068 Thread 0x0000024631f71800 Thread added: 0x0000024631f71800
Event: 0.068 Thread 0x0000024631f72260 Thread added: 0x0000024631f72260
Event: 0.069 Thread 0x0000024631f73390 Thread added: 0x0000024631f73390
Event: 0.070 Thread 0x0000024631f7b7c0 Thread added: 0x0000024631f7b7c0
Event: 0.141 Thread 0x0000024677216d00 Thread added: 0x0000024677216d00
Event: 0.296 Thread 0x0000024677273a40 Thread added: 0x0000024677273a40
Event: 0.539 Thread 0x0000024677be5110 Thread added: 0x0000024677be5110


Dynamic libraries:
0x00007ff784350000 - 0x00007ff78435e000 	C:\Users\John Paul Uy\OneDrive\Documents\zulu21.28.85-ca-fx-jdk21.0.0-win_x64\bin\java.exe
0x00007ff99e590000 - 0x00007ff99e788000 	C:\WINDOWS\SYSTEM32\ntdll.dll
0x00007ff99cb70000 - 0x00007ff99cc2f000 	C:\WINDOWS\System32\KERNEL32.DLL
0x00007ff99bfc0000 - 0x00007ff99c2b6000 	C:\WINDOWS\System32\KERNELBASE.dll
0x00007ff99bd60000 - 0x00007ff99be60000 	C:\WINDOWS\System32\ucrtbase.dll
0x00007ff993200000 - 0x00007ff993218000 	C:\Users\John Paul Uy\OneDrive\Documents\zulu21.28.85-ca-fx-jdk21.0.0-win_x64\bin\jli.dll
0x00007ff990090000 - 0x00007ff9900ab000 	C:\Users\John Paul Uy\OneDrive\Documents\zulu21.28.85-ca-fx-jdk21.0.0-win_x64\bin\VCRUNTIME140.dll
0x00007ff99d310000 - 0x00007ff99d4ad000 	C:\WINDOWS\System32\USER32.dll
0x00007ff99c2f0000 - 0x00007ff99c312000 	C:\WINDOWS\System32\win32u.dll
0x00007ff9924f0000 - 0x00007ff99278a000 	C:\WINDOWS\WinSxS\amd64_microsoft.windows.common-controls_6595b64144ccf1df_6.0.19041.1110_none_60b5254171f9507e\COMCTL32.dll
0x00007ff99de60000 - 0x00007ff99de8c000 	C:\WINDOWS\System32\GDI32.dll
0x00007ff99c600000 - 0x00007ff99c69e000 	C:\WINDOWS\System32\msvcrt.dll
0x00007ff99c320000 - 0x00007ff99c435000 	C:\WINDOWS\System32\gdi32full.dll
0x00007ff99bcc0000 - 0x00007ff99bd5d000 	C:\WINDOWS\System32\msvcp_win.dll
0x00007ff99ceb0000 - 0x00007ff99cee0000 	C:\WINDOWS\System32\IMM32.DLL
0x00007ff993260000 - 0x00007ff99326c000 	C:\Users\John Paul Uy\OneDrive\Documents\zulu21.28.85-ca-fx-jdk21.0.0-win_x64\bin\vcruntime140_1.dll
0x00007ff985960000 - 0x00007ff9859ee000 	C:\Users\John Paul Uy\OneDrive\Documents\zulu21.28.85-ca-fx-jdk21.0.0-win_x64\bin\msvcp140.dll
0x00007ff970ec0000 - 0x00007ff971c4b000 	C:\Users\John Paul Uy\OneDrive\Documents\zulu21.28.85-ca-fx-jdk21.0.0-win_x64\bin\server\jvm.dll
0x00007ff99e420000 - 0x00007ff99e4cf000 	C:\WINDOWS\System32\ADVAPI32.dll
0x00007ff99e380000 - 0x00007ff99e41c000 	C:\WINDOWS\System32\sechost.dll
0x00007ff99dd30000 - 0x00007ff99de56000 	C:\WINDOWS\System32\RPCRT4.dll
0x00007ff99e4e0000 - 0x00007ff99e54b000 	C:\WINDOWS\System32\WS2_32.dll
0x00007ff99b330000 - 0x00007ff99b37b000 	C:\WINDOWS\SYSTEM32\POWRPROF.dll
0x00007ff994e00000 - 0x00007ff994e27000 	C:\WINDOWS\SYSTEM32\WINMM.dll
0x00007ff994eb0000 - 0x00007ff994eba000 	C:\WINDOWS\SYSTEM32\VERSION.dll
0x00007ff99b2f0000 - 0x00007ff99b302000 	C:\WINDOWS\SYSTEM32\UMPDC.dll
0x00007ff999b30000 - 0x00007ff999b42000 	C:\WINDOWS\SYSTEM32\kernel.appcore.dll
0x00007ff990050000 - 0x00007ff99005a000 	C:\Users\John Paul Uy\OneDrive\Documents\zulu21.28.85-ca-fx-jdk21.0.0-win_x64\bin\jimage.dll
0x00007ff98b2d0000 - 0x00007ff98b4b4000 	C:\WINDOWS\SYSTEM32\DBGHELP.DLL
0x00007ff98b260000 - 0x00007ff98b294000 	C:\WINDOWS\SYSTEM32\dbgcore.DLL
0x00007ff99c440000 - 0x00007ff99c4c2000 	C:\WINDOWS\System32\bcryptPrimitives.dll
0x00007ff988fe0000 - 0x00007ff988fff000 	C:\Users\John Paul Uy\OneDrive\Documents\zulu21.28.85-ca-fx-jdk21.0.0-win_x64\bin\java.dll
0x00007ff99d4b0000 - 0x00007ff99dbf4000 	C:\WINDOWS\System32\SHELL32.dll
0x00007ff999d30000 - 0x00007ff99a4c3000 	C:\WINDOWS\SYSTEM32\windows.storage.dll
0x00007ff99cee0000 - 0x00007ff99d234000 	C:\WINDOWS\System32\combase.dll
0x00007ff99b6b0000 - 0x00007ff99b6de000 	C:\WINDOWS\SYSTEM32\Wldp.dll
0x00007ff99ce00000 - 0x00007ff99cead000 	C:\WINDOWS\System32\SHCORE.dll
0x00007ff99cc30000 - 0x00007ff99cc85000 	C:\WINDOWS\System32\shlwapi.dll
0x00007ff99bba0000 - 0x00007ff99bbc5000 	C:\WINDOWS\SYSTEM32\profapi.dll
0x00007ff97f250000 - 0x00007ff97f327000 	C:\Users\John Paul Uy\OneDrive\Documents\zulu21.28.85-ca-fx-jdk21.0.0-win_x64\bin\jsvml.dll
0x00007ff990040000 - 0x00007ff990050000 	C:\Users\John Paul Uy\OneDrive\Documents\zulu21.28.85-ca-fx-jdk21.0.0-win_x64\bin\net.dll
0x00007ff9954b0000 - 0x00007ff9955ba000 	C:\WINDOWS\SYSTEM32\WINHTTP.dll
0x00007ff99b410000 - 0x00007ff99b47a000 	C:\WINDOWS\system32\mswsock.dll
0x00007ff988fc0000 - 0x00007ff988fd6000 	C:\Users\John Paul Uy\OneDrive\Documents\zulu21.28.85-ca-fx-jdk21.0.0-win_x64\bin\nio.dll
0x00007ff988f10000 - 0x00007ff988f28000 	C:\Users\John Paul Uy\OneDrive\Documents\zulu21.28.85-ca-fx-jdk21.0.0-win_x64\bin\zip.dll

dbghelp: loaded successfully - version: 4.0.5 - missing functions: none
symbol engine: initialized successfully - sym options: 0x614 - pdb path: .;C:\Users\John Paul Uy\OneDrive\Documents\zulu21.28.85-ca-fx-jdk21.0.0-win_x64\bin;C:\WINDOWS\SYSTEM32;C:\WINDOWS\WinSxS\amd64_microsoft.windows.common-controls_6595b64144ccf1df_6.0.19041.1110_none_60b5254171f9507e;C:\Users\John Paul Uy\OneDrive\Documents\zulu21.28.85-ca-fx-jdk21.0.0-win_x64\bin\server

VM Arguments:
jvm_args: -Dfile.encoding=UTF-8 --module-path=C:\Users\Jasper\Downloads\openjfx-21_windows-x64_bin-sdk\javafx-sdk-21\lib --add-modules=javafx.controls,javafx.fxml --module-path=C:\Users\John Paul Uy\OneDrive\Documents\javafx-sdk-21\lib\javafx-swt.jar;C:\Users\John Paul Uy\OneDrive\Documents\javafx-sdk-21\lib\javafx.base.jar;C:\Users\John Paul Uy\OneDrive\Documents\javafx-sdk-21\lib\javafx.controls.jar;C:\Users\John Paul Uy\OneDrive\Documents\javafx-sdk-21\lib\javafx.fxml.jar;C:\Users\John Paul Uy\OneDrive\Documents\javafx-sdk-21\lib\javafx.graphics.jar;C:\Users\John Paul Uy\OneDrive\Documents\javafx-sdk-21\lib\javafx.media.jar;C:\Users\John Paul Uy\OneDrive\Documents\javafx-sdk-21\lib\javafx.swing.jar;C:\Users\John Paul Uy\OneDrive\Documents\javafx-sdk-21\lib\javafx.web.jar;C:\Users\John Paul Uy\OneDrive\Documents\mysql-connector-j-8.1.0.jar 
java_command: Login.LoginTest
java_class_path (initial): C:\Users\John Paul Uy\OneDrive\Documents\mysql-connector-j-8.1.0.jar;C:\Users\John Paul Uy\OneDrive\Documents\javafx-sdk-21\lib\javafx-swt.jar;C:\Users\John Paul Uy\OneDrive\Documents\javafx-sdk-21\lib\javafx.base.jar;C:\Users\John Paul Uy\OneDrive\Documents\javafx-sdk-21\lib\javafx.controls.jar;C:\Users\John Paul Uy\OneDrive\Documents\javafx-sdk-21\lib\javafx.fxml.jar;C:\Users\John Paul Uy\OneDrive\Documents\javafx-sdk-21\lib\javafx.graphics.jar;C:\Users\John Paul Uy\OneDrive\Documents\javafx-sdk-21\lib\javafx.media.jar;C:\Users\John Paul Uy\OneDrive\Documents\javafx-sdk-21\lib\javafx.swing.jar;C:\Users\John Paul Uy\OneDrive\Documents\javafx-sdk-21\lib\javafx.web.jar;C:\Users\John Paul Uy\OneDrive\Documents\NetBeansProjects\ROLE-SPECIFIC-POS-SYSTEM\build\classes
Launcher Type: SUN_STANDARD

[Global flags]
     intx CICompilerCount                          = 3                                         {product} {ergonomic}
     uint ConcGCThreads                            = 1                                         {product} {ergonomic}
     uint G1ConcRefinementThreads                  = 4                                         {product} {ergonomic}
   size_t G1HeapRegionSize                         = 1048576                                   {product} {ergonomic}
    uintx GCDrainStackTargetSize                   = 64                                        {product} {ergonomic}
   size_t InitialHeapSize                          = 134217728                                 {product} {ergonomic}
   size_t MarkStackSize                            = 4194304                                   {product} {ergonomic}
   size_t MaxHeapSize                              = 2139095040                                {product} {ergonomic}
   size_t MaxNewSize                               = 1283457024                                {product} {ergonomic}
   size_t MinHeapDeltaBytes                        = 1048576                                   {product} {ergonomic}
   size_t MinHeapSize                              = 8388608                                   {product} {ergonomic}
    uintx NonNMethodCodeHeapSize                   = 5832780                                {pd product} {ergonomic}
    uintx NonProfiledCodeHeapSize                  = 122912730                              {pd product} {ergonomic}
    uintx ProfiledCodeHeapSize                     = 122912730                              {pd product} {ergonomic}
    uintx ReservedCodeCacheSize                    = 251658240                              {pd product} {ergonomic}
     bool SegmentedCodeCache                       = true                                      {product} {ergonomic}
   size_t SoftMaxHeapSize                          = 2139095040                             {manageable} {ergonomic}
     bool UseCompressedOops                        = true                           {product lp64_product} {ergonomic}
     bool UseG1GC                                  = true                                      {product} {ergonomic}
     bool UseLargePagesIndividualAllocation        = false                                  {pd product} {ergonomic}

Logging:
Log output configuration:
 #0: stdout all=warning uptime,level,tags foldmultilines=false
 #1: stderr all=off uptime,level,tags foldmultilines=false

Environment Variables:
PATH=C:\Program Files\Common Files\Oracle\Java\javapath;C:\Program Files (x86)\Common Files\Oracle\Java\javapath;C:\WINDOWS\system32;C:\WINDOWS;C:\WINDOWS\System32\Wbem;C:\WINDOWS\System32\WindowsPowerShell\v1.0\;C:\WINDOWS\System32\OpenSSH\;C:\Program Files\Java\jdk-19\bin;C:\Users\John Paul Uy\AppData\Local\Microsoft\WindowsApps;
USERNAME=John Paul Uy
OS=Windows_NT
PROCESSOR_IDENTIFIER=AMD64 Family 21 Model 19 Stepping 1, AuthenticAMD
TMP=C:\Users\JOHNPA~1\AppData\Local\Temp
TEMP=C:\Users\JOHNPA~1\AppData\Local\Temp




---------------  S Y S T E M  ---------------

OS:
 Windows 10 , 64 bit Build 19041 (10.0.19041.3155)
OS uptime: 2 days 0:40 hours

CPU: total 4 (initial active 4) (4 cores per cpu, 1 threads per core) family 21 model 19 stepping 1 microcode 0x0, cx8, cmov, fxsr, mmx, 3dnowpref, sse, sse2, sse3, ssse3, sse4a, sse4.1, sse4.2, popcnt, lzcnt, tsc, tscinvbit, avx, aes, clmul, bmi1, fma, vzeroupper, clflush, rdtscp, f16c
Processor Information for all 4 processors :
  Max Mhz: 3900, Current Mhz: 3900, Mhz Limit: 3900

Memory: 4k page, system-wide physical 8158M (1215M free)
TotalPageFile size 13679M (AvailPageFile size 6M)
current process WorkingSet (physical memory assigned to process): 61M, peak: 61M
current process commit charge ("private bytes"): 217M, peak: 217M

vm_info: OpenJDK 64-Bit Server VM (21+35) for windows-amd64 JRE (21+35) (Zulu21.28+85-CA), built on 2023-08-25T12:47:19Z by "zulu_re" with MS VC++ 17.1 (VS2022)

END.
