#
# There is insufficient memory for the Java Runtime Environment to continue.
# Native memory allocation (malloc) failed to allocate 1000016 bytes for Chunk::new
# Possible reasons:
#   The system is out of physical RAM or swap space
#   The process is running with CompressedOops enabled, and the Java Heap may be blocking the growth of the native heap
# Possible solutions:
#   Reduce memory load on the system
#   Increase physical memory or swap space
#   Check if swap backing store is full
#   Decrease Java heap size (-Xmx/-Xms)
#   Decrease number of Java threads
#   Decrease Java thread stack sizes (-Xss)
#   Set larger code cache with -XX:ReservedCodeCacheSize=
#   JVM is running with Unscaled Compressed Oops mode in which the Java heap is
#     placed in the first 4GB address space. The Java Heap base address is the
#     maximum limit for the native heap growth. Please use -XX:HeapBaseMinAddress
#     to set the Java Heap base and to place the Java Heap above 4GB virtual address.
# This output file may be truncated or incomplete.
#
#  Out of Memory Error (arena.cpp:166), pid=9724, tid=7580
#
# JRE version: OpenJDK Runtime Environment Zulu21.28+85-CA (21.0+35) (build 21+35)
# Java VM: OpenJDK 64-Bit Server VM Zulu21.28+85-CA (21+35, mixed mode, sharing, tiered, compressed oops, compressed class ptrs, g1 gc, windows-amd64)
# No core dump will be written. Minidumps are not enabled by default on client versions of Windows
#

---------------  S U M M A R Y ------------

Command Line: -Dfile.encoding=UTF-8 --module-path=C:\Users\Jasper\Downloads\openjfx-21_windows-x64_bin-sdk\javafx-sdk-21\lib --add-modules=javafx.controls,javafx.fxml --module-path=C:\Users\John Paul Uy\OneDrive\Documents\javafx-sdk-21\lib\javafx-swt.jar;C:\Users\John Paul Uy\OneDrive\Documents\javafx-sdk-21\lib\javafx.base.jar;C:\Users\John Paul Uy\OneDrive\Documents\javafx-sdk-21\lib\javafx.controls.jar;C:\Users\John Paul Uy\OneDrive\Documents\javafx-sdk-21\lib\javafx.fxml.jar;C:\Users\John Paul Uy\OneDrive\Documents\javafx-sdk-21\lib\javafx.graphics.jar;C:\Users\John Paul Uy\OneDrive\Documents\javafx-sdk-21\lib\javafx.media.jar;C:\Users\John Paul Uy\OneDrive\Documents\javafx-sdk-21\lib\javafx.swing.jar;C:\Users\John Paul Uy\OneDrive\Documents\javafx-sdk-21\lib\javafx.web.jar;C:\Users\John Paul Uy\OneDrive\Documents\mysql-connector-j-8.1.0.jar Login.LoginTest

Host: AMD A8-6600K APU with Radeon(tm) HD Graphics   , 4 cores, 7G,  Windows 10 , 64 bit Build 19041 (10.0.19041.3155)
Time: Sat Oct 28 15:13:57 2023 Malay Peninsula Standard Time elapsed time: 11.062496 seconds (0d 0h 0m 11s)

---------------  T H R E A D  ---------------

Current thread (0x000001a1d7a6b460):  JavaThread "C2 CompilerThread0" daemon [_thread_in_native, id=7580, stack(0x000000842a900000,0x000000842aa00000) (1024K)]


Current CompileTask:
C2:  11062 3918 %     4       com.sun.marlin.Renderer::_endRendering @ 251 (2639 bytes)

Stack: [0x000000842a900000,0x000000842aa00000]
Native frames: (J=compiled Java code, j=interpreted, Vv=VM code, C=native code)
V  [jvm.dll+0x6ce729]
V  [jvm.dll+0x8a9401]
V  [jvm.dll+0x8ab67e]
V  [jvm.dll+0x8abd53]
V  [jvm.dll+0x283be6]
V  [jvm.dll+0xc5a0d]
V  [jvm.dll+0xc5f23]
V  [jvm.dll+0x3b8e42]
V  [jvm.dll+0x1e41e9]
V  [jvm.dll+0x24c202]
V  [jvm.dll+0x24b691]
V  [jvm.dll+0x1cbd01]
V  [jvm.dll+0x25adb9]
V  [jvm.dll+0x25939a]
V  [jvm.dll+0x3f2986]
V  [jvm.dll+0x852288]
V  [jvm.dll+0x6cce7d]
C  [ucrtbase.dll+0x21bb2]
C  [KERNEL32.DLL+0x17614]
C  [ntdll.dll+0x526b1]


---------------  P R O C E S S  ---------------

Threads class SMR info:
_java_thread_list=0x000001a1d7dfe830, length=20, elements={
0x000001a1b844a000, 0x000001a1d7a64040, 0x000001a1d7a65110, 0x000001a1d7a66d80,
0x000001a1d7a689f0, 0x000001a1d7a6d660, 0x000001a1d7a6e0c0, 0x000001a1d7a6b460,
0x000001a1d7ad0480, 0x000001a1d7a2aed0, 0x000001a21d9cf100, 0x000001a21d22c810,
0x000001a21d7afe30, 0x000001a21d7b40f0, 0x000001a21de5b360, 0x000001a21de5b9d0,
0x000001a21e20eac0, 0x000001a21e2e7d40, 0x000001a21e2e7020, 0x000001a21e2e9780
}

Java Threads: ( => current thread )
  0x000001a1b844a000 JavaThread "main"                              [_thread_blocked, id=11992, stack(0x0000008429b00000,0x0000008429c00000) (1024K)]
  0x000001a1d7a64040 JavaThread "Reference Handler"          daemon [_thread_blocked, id=9672, stack(0x000000842a300000,0x000000842a400000) (1024K)]
  0x000001a1d7a65110 JavaThread "Finalizer"                  daemon [_thread_blocked, id=14612, stack(0x000000842a400000,0x000000842a500000) (1024K)]
  0x000001a1d7a66d80 JavaThread "Signal Dispatcher"          daemon [_thread_blocked, id=15276, stack(0x000000842a500000,0x000000842a600000) (1024K)]
  0x000001a1d7a689f0 JavaThread "Attach Listener"            daemon [_thread_blocked, id=6960, stack(0x000000842a600000,0x000000842a700000) (1024K)]
  0x000001a1d7a6d660 JavaThread "Service Thread"             daemon [_thread_blocked, id=11144, stack(0x000000842a700000,0x000000842a800000) (1024K)]
  0x000001a1d7a6e0c0 JavaThread "Monitor Deflation Thread"   daemon [_thread_blocked, id=14184, stack(0x000000842a800000,0x000000842a900000) (1024K)]
=>0x000001a1d7a6b460 JavaThread "C2 CompilerThread0"         daemon [_thread_in_native, id=7580, stack(0x000000842a900000,0x000000842aa00000) (1024K)]
  0x000001a1d7ad0480 JavaThread "C1 CompilerThread0"         daemon [_thread_blocked, id=14760, stack(0x000000842aa00000,0x000000842ab00000) (1024K)]
  0x000001a1d7a2aed0 JavaThread "Common-Cleaner"             daemon [_thread_blocked, id=6584, stack(0x000000842ab00000,0x000000842ac00000) (1024K)]
  0x000001a21d9cf100 JavaThread "Notification Thread"        daemon [_thread_blocked, id=14728, stack(0x000000842ad00000,0x000000842ae00000) (1024K)]
  0x000001a21d22c810 JavaThread "QuantumRenderer-0"          daemon [_thread_blocked, id=7944, stack(0x000000842ac00000,0x000000842ad00000) (1024K)]
  0x000001a21d7afe30 JavaThread "InvokeLaterDispatcher"      daemon [_thread_blocked, id=296, stack(0x000000842af00000,0x000000842b000000) (1024K)]
  0x000001a21d7b40f0 JavaThread "JavaFX Application Thread"         [_thread_in_native, id=312, stack(0x000000842b000000,0x000000842b100000) (1024K)]
  0x000001a21de5b360 JavaThread "JavaFX-Launcher"                   [_thread_blocked, id=904, stack(0x000000842b200000,0x000000842b300000) (1024K)]
  0x000001a21de5b9d0 JavaThread "Thread-2"                   daemon [_thread_in_native, id=13436, stack(0x000000842b100000,0x000000842b200000) (1024K)]
  0x000001a21e20eac0 JavaThread "Thread-3"                          [_thread_blocked, id=10112, stack(0x000000842b700000,0x000000842b800000) (1024K)]
  0x000001a21e2e7d40 JavaThread "Prism Font Disposer"        daemon [_thread_blocked, id=9508, stack(0x000000842b600000,0x000000842b700000) (1024K)]
  0x000001a21e2e7020 JavaThread "Cleaner-0"                  daemon [_thread_blocked, id=14860, stack(0x000000842bd30000,0x000000842be30000) (1024K)]
  0x000001a21e2e9780 JavaThread "mysql-cj-abandoned-connection-cleanup" daemon [_thread_blocked, id=7200, stack(0x000000842bb00000,0x000000842bc00000) (1024K)]
Total: 20

Other Threads:
  0x000001a1d7a41d40 VMThread "VM Thread"                           [id=5436, stack(0x000000842a200000,0x000000842a300000) (1024K)]
  0x000001a1d7a2a2f0 WatcherThread "VM Periodic Task Thread"        [id=8480, stack(0x000000842a100000,0x000000842a200000) (1024K)]
  0x000001a1ba69a680 WorkerThread "GC Thread#0"                     [id=13864, stack(0x0000008429c00000,0x0000008429d00000) (1024K)]
  0x000001a21df3cfa0 WorkerThread "GC Thread#1"                     [id=3700, stack(0x000000842b300000,0x000000842b400000) (1024K)]
  0x000001a21df3d340 WorkerThread "GC Thread#2"                     [id=12692, stack(0x000000842b400000,0x000000842b500000) (1024K)]
  0x000001a21e11fff0 WorkerThread "GC Thread#3"                     [id=5404, stack(0x000000842b500000,0x000000842b600000) (1024K)]
  0x000001a1ba6abd70 ConcurrentGCThread "G1 Main Marker"            [id=3912, stack(0x0000008429d00000,0x0000008429e00000) (1024K)]
  0x000001a1ba6ada30 WorkerThread "G1 Conc#0"                       [id=13240, stack(0x0000008429e00000,0x0000008429f00000) (1024K)]
  0x000001a1d78f0090 ConcurrentGCThread "G1 Refine#0"               [id=300, stack(0x0000008429f00000,0x000000842a000000) (1024K)]
  0x000001a1d78f0c00 ConcurrentGCThread "G1 Service"                [id=4360, stack(0x000000842a000000,0x000000842a100000) (1024K)]
Total: 10

Threads with active compile tasks:
C2 CompilerThread0    11128 3918 %     4       com.sun.marlin.Renderer::_endRendering @ 251 (2639 bytes)
Total: 1

VM state: not at safepoint (normal execution)

VM Mutex/Monitor currently owned by a thread: None

Heap address: 0x0000000080800000, size: 2040 MB, Compressed Oops mode: 32-bit

CDS archive(s) mapped at: [0x000001a1d8000000-0x000001a1d8c90000-0x000001a1d8c90000), size 13172736, SharedBaseAddress: 0x000001a1d8000000, ArchiveRelocationMode: 1.
Compressed class space mapped at: 0x000001a1d9000000-0x000001a219000000, reserved size: 1073741824
Narrow klass base: 0x000001a1d8000000, Narrow klass shift: 0, Narrow klass range: 0x100000000

GC Precious Log:
 CardTable entry size: 512
 Card Set container configuration: InlinePtr #cards 5 size 8 Array Of Cards #cards 12 size 40 Howl #buckets 4 coarsen threshold 1843 Howl Bitmap #cards 512 size 80 coarsen threshold 460 Card regions per heap region 1 cards per card region 2048
 CPUs: 4 total, 4 available
 Memory: 8158M
 Large Page Support: Disabled
 NUMA Support: Disabled
 Compressed Oops: Enabled (32-bit)
 Heap Region Size: 1M
 Heap Min Capacity: 8M
 Heap Initial Capacity: 128M
 Heap Max Capacity: 2040M
 Pre-touch: Disabled
 Parallel Workers: 4
 Concurrent Workers: 1
 Concurrent Refinement Workers: 4
 Periodic GC: Disabled

Heap:
 garbage-first heap   total 71680K, used 30214K [0x0000000080800000, 0x0000000100000000)
  region size 1024K, 14 young (14336K), 3 survivors (3072K)
 Metaspace       used 21994K, committed 22400K, reserved 1114112K
  class space    used 3191K, committed 3392K, reserved 1048576K

Heap Regions: E=young(eden), S=young(survivor), O=old, HS=humongous(starts), HC=humongous(continues), CS=collection set, F=free, TAMS=top-at-mark-start, PB=parsable bottom
|   0|0x0000000080800000, 0x0000000080900000, 0x0000000080900000|100%| O|  |TAMS 0x0000000080800000| PB 0x0000000080800000| Untracked 
|   1|0x0000000080900000, 0x0000000080a00000, 0x0000000080a00000|100%|HS|  |TAMS 0x0000000080900000| PB 0x0000000080900000| Complete 
|   2|0x0000000080a00000, 0x0000000080b00000, 0x0000000080b00000|100%|HC|  |TAMS 0x0000000080a00000| PB 0x0000000080a00000| Complete 
|   3|0x0000000080b00000, 0x0000000080c00000, 0x0000000080c00000|100%| O|  |TAMS 0x0000000080b00000| PB 0x0000000080b00000| Untracked 
|   4|0x0000000080c00000, 0x0000000080d00000, 0x0000000080d00000|100%| O|Cm|TAMS 0x0000000080c00000| PB 0x0000000080c00000| Complete 
|   5|0x0000000080d00000, 0x0000000080e00000, 0x0000000080e00000|100%| O|  |TAMS 0x0000000080d00000| PB 0x0000000080d00000| Untracked 
|   6|0x0000000080e00000, 0x0000000080f00000, 0x0000000080f00000|100%| O|  |TAMS 0x0000000080e00000| PB 0x0000000080e00000| Untracked 
|   7|0x0000000080f00000, 0x0000000081000000, 0x0000000081000000|100%| O|  |TAMS 0x0000000080f00000| PB 0x0000000080f00000| Untracked 
|   8|0x0000000081000000, 0x0000000081100000, 0x0000000081100000|100%|HS|  |TAMS 0x0000000081000000| PB 0x0000000081000000| Complete 
|   9|0x0000000081100000, 0x0000000081200000, 0x0000000081200000|100%|HC|  |TAMS 0x0000000081100000| PB 0x0000000081100000| Complete 
|  10|0x0000000081200000, 0x0000000081300000, 0x0000000081300000|100%|HS|  |TAMS 0x0000000081200000| PB 0x0000000081200000| Complete 
|  11|0x0000000081300000, 0x0000000081400000, 0x0000000081400000|100%|HC|  |TAMS 0x0000000081300000| PB 0x0000000081300000| Complete 
|  12|0x0000000081400000, 0x0000000081500000, 0x0000000081500000|100%|HS|  |TAMS 0x0000000081400000| PB 0x0000000081400000| Complete 
|  13|0x0000000081500000, 0x0000000081600000, 0x0000000081600000|100%|HC|  |TAMS 0x0000000081500000| PB 0x0000000081500000| Complete 
|  14|0x0000000081600000, 0x0000000081700000, 0x0000000081700000|100%| O|  |TAMS 0x0000000081600000| PB 0x0000000081600000| Untracked 
|  15|0x0000000081700000, 0x0000000081800000, 0x0000000081800000|100%| O|  |TAMS 0x0000000081700000| PB 0x0000000081700000| Untracked 
|  16|0x0000000081800000, 0x00000000818e5ab0, 0x0000000081900000| 89%| O|  |TAMS 0x0000000081800000| PB 0x0000000081800000| Untracked 
|  17|0x0000000081900000, 0x0000000081900000, 0x0000000081a00000|  0%| F|  |TAMS 0x0000000081900000| PB 0x0000000081900000| Untracked 
|  18|0x0000000081a00000, 0x0000000081a00000, 0x0000000081b00000|  0%| F|  |TAMS 0x0000000081a00000| PB 0x0000000081a00000| Untracked 
|  19|0x0000000081b00000, 0x0000000081b00000, 0x0000000081c00000|  0%| F|  |TAMS 0x0000000081b00000| PB 0x0000000081b00000| Untracked 
|  20|0x0000000081c00000, 0x0000000081c00000, 0x0000000081d00000|  0%| F|  |TAMS 0x0000000081c00000| PB 0x0000000081c00000| Untracked 
|  21|0x0000000081d00000, 0x0000000081d00000, 0x0000000081e00000|  0%| F|  |TAMS 0x0000000081d00000| PB 0x0000000081d00000| Untracked 
|  22|0x0000000081e00000, 0x0000000081e00000, 0x0000000081f00000|  0%| F|  |TAMS 0x0000000081e00000| PB 0x0000000081e00000| Untracked 
|  23|0x0000000081f00000, 0x0000000081f00000, 0x0000000082000000|  0%| F|  |TAMS 0x0000000081f00000| PB 0x0000000081f00000| Untracked 
|  24|0x0000000082000000, 0x0000000082000000, 0x0000000082100000|  0%| F|  |TAMS 0x0000000082000000| PB 0x0000000082000000| Untracked 
|  25|0x0000000082100000, 0x0000000082100000, 0x0000000082200000|  0%| F|  |TAMS 0x0000000082100000| PB 0x0000000082100000| Untracked 
|  26|0x0000000082200000, 0x0000000082200000, 0x0000000082300000|  0%| F|  |TAMS 0x0000000082200000| PB 0x0000000082200000| Untracked 
|  27|0x0000000082300000, 0x0000000082300000, 0x0000000082400000|  0%| F|  |TAMS 0x0000000082300000| PB 0x0000000082300000| Untracked 
|  28|0x0000000082400000, 0x0000000082400000, 0x0000000082500000|  0%| F|  |TAMS 0x0000000082400000| PB 0x0000000082400000| Untracked 
|  29|0x0000000082500000, 0x0000000082500000, 0x0000000082600000|  0%| F|  |TAMS 0x0000000082500000| PB 0x0000000082500000| Untracked 
|  30|0x0000000082600000, 0x0000000082600000, 0x0000000082700000|  0%| F|  |TAMS 0x0000000082600000| PB 0x0000000082600000| Untracked 
|  31|0x0000000082700000, 0x0000000082700000, 0x0000000082800000|  0%| F|  |TAMS 0x0000000082700000| PB 0x0000000082700000| Untracked 
|  32|0x0000000082800000, 0x0000000082800000, 0x0000000082900000|  0%| F|  |TAMS 0x0000000082800000| PB 0x0000000082800000| Untracked 
|  33|0x0000000082900000, 0x0000000082900000, 0x0000000082a00000|  0%| F|  |TAMS 0x0000000082900000| PB 0x0000000082900000| Untracked 
|  34|0x0000000082a00000, 0x0000000082a00000, 0x0000000082b00000|  0%| F|  |TAMS 0x0000000082a00000| PB 0x0000000082a00000| Untracked 
|  35|0x0000000082b00000, 0x0000000082b00000, 0x0000000082c00000|  0%| F|  |TAMS 0x0000000082b00000| PB 0x0000000082b00000| Untracked 
|  36|0x0000000082c00000, 0x0000000082c00000, 0x0000000082d00000|  0%| F|  |TAMS 0x0000000082c00000| PB 0x0000000082c00000| Untracked 
|  37|0x0000000082d00000, 0x0000000082d00000, 0x0000000082e00000|  0%| F|  |TAMS 0x0000000082d00000| PB 0x0000000082d00000| Untracked 
|  38|0x0000000082e00000, 0x0000000082e00000, 0x0000000082f00000|  0%| F|  |TAMS 0x0000000082e00000| PB 0x0000000082e00000| Untracked 
|  39|0x0000000082f00000, 0x0000000082f00000, 0x0000000083000000|  0%| F|  |TAMS 0x0000000082f00000| PB 0x0000000082f00000| Untracked 
|  40|0x0000000083000000, 0x0000000083000000, 0x0000000083100000|  0%| F|  |TAMS 0x0000000083000000| PB 0x0000000083000000| Untracked 
|  41|0x0000000083100000, 0x0000000083100000, 0x0000000083200000|  0%| F|  |TAMS 0x0000000083100000| PB 0x0000000083100000| Untracked 
|  42|0x0000000083200000, 0x0000000083200000, 0x0000000083300000|  0%| F|  |TAMS 0x0000000083200000| PB 0x0000000083200000| Untracked 
|  43|0x0000000083300000, 0x0000000083300000, 0x0000000083400000|  0%| F|  |TAMS 0x0000000083300000| PB 0x0000000083300000| Untracked 
|  44|0x0000000083400000, 0x0000000083400000, 0x0000000083500000|  0%| F|  |TAMS 0x0000000083400000| PB 0x0000000083400000| Untracked 
|  45|0x0000000083500000, 0x0000000083500000, 0x0000000083600000|  0%| F|  |TAMS 0x0000000083500000| PB 0x0000000083500000| Untracked 
|  46|0x0000000083600000, 0x0000000083600000, 0x0000000083700000|  0%| F|  |TAMS 0x0000000083600000| PB 0x0000000083600000| Untracked 
|  47|0x0000000083700000, 0x0000000083700000, 0x0000000083800000|  0%| F|  |TAMS 0x0000000083700000| PB 0x0000000083700000| Untracked 
|  48|0x0000000083800000, 0x0000000083800000, 0x0000000083900000|  0%| F|  |TAMS 0x0000000083800000| PB 0x0000000083800000| Untracked 
|  49|0x0000000083900000, 0x0000000083900000, 0x0000000083a00000|  0%| F|  |TAMS 0x0000000083900000| PB 0x0000000083900000| Untracked 
|  50|0x0000000083a00000, 0x0000000083a00000, 0x0000000083b00000|  0%| F|  |TAMS 0x0000000083a00000| PB 0x0000000083a00000| Untracked 
|  51|0x0000000083b00000, 0x0000000083b00000, 0x0000000083c00000|  0%| F|  |TAMS 0x0000000083b00000| PB 0x0000000083b00000| Untracked 
|  52|0x0000000083c00000, 0x0000000083c00000, 0x0000000083d00000|  0%| F|  |TAMS 0x0000000083c00000| PB 0x0000000083c00000| Untracked 
|  53|0x0000000083d00000, 0x0000000083d00000, 0x0000000083e00000|  0%| F|  |TAMS 0x0000000083d00000| PB 0x0000000083d00000| Untracked 
|  54|0x0000000083e00000, 0x0000000083e00000, 0x0000000083f00000|  0%| F|  |TAMS 0x0000000083e00000| PB 0x0000000083e00000| Untracked 
|  55|0x0000000083f00000, 0x0000000083f00000, 0x0000000084000000|  0%| F|  |TAMS 0x0000000083f00000| PB 0x0000000083f00000| Untracked 
|  56|0x0000000084000000, 0x00000000840c9730, 0x0000000084100000| 78%| E|  |TAMS 0x0000000084000000| PB 0x0000000084000000| Complete 
|  57|0x0000000084100000, 0x0000000084200000, 0x0000000084200000|100%| E|CS|TAMS 0x0000000084100000| PB 0x0000000084100000| Complete 
|  58|0x0000000084200000, 0x0000000084300000, 0x0000000084300000|100%| E|CS|TAMS 0x0000000084200000| PB 0x0000000084200000| Complete 
|  59|0x0000000084300000, 0x0000000084400000, 0x0000000084400000|100%| E|CS|TAMS 0x0000000084300000| PB 0x0000000084300000| Complete 
|  60|0x0000000084400000, 0x0000000084500000, 0x0000000084500000|100%| E|CS|TAMS 0x0000000084400000| PB 0x0000000084400000| Complete 
|  61|0x0000000084500000, 0x0000000084600000, 0x0000000084600000|100%| E|CS|TAMS 0x0000000084500000| PB 0x0000000084500000| Complete 
|  62|0x0000000084600000, 0x0000000084700000, 0x0000000084700000|100%| E|CS|TAMS 0x0000000084600000| PB 0x0000000084600000| Complete 
|  63|0x0000000084700000, 0x0000000084800000, 0x0000000084800000|100%| E|CS|TAMS 0x0000000084700000| PB 0x0000000084700000| Complete 
|  64|0x0000000084800000, 0x0000000084900000, 0x0000000084900000|100%| E|CS|TAMS 0x0000000084800000| PB 0x0000000084800000| Complete 
|  65|0x0000000084900000, 0x0000000084a00000, 0x0000000084a00000|100%| E|CS|TAMS 0x0000000084900000| PB 0x0000000084900000| Complete 
| 108|0x0000000087400000, 0x000000008749be10, 0x0000000087500000| 60%| S|CS|TAMS 0x0000000087400000| PB 0x0000000087400000| Complete 
| 109|0x0000000087500000, 0x0000000087600000, 0x0000000087600000|100%| S|CS|TAMS 0x0000000087500000| PB 0x0000000087500000| Complete 
| 110|0x0000000087600000, 0x0000000087700000, 0x0000000087700000|100%| S|CS|TAMS 0x0000000087600000| PB 0x0000000087600000| Complete 
| 127|0x0000000088700000, 0x0000000088800000, 0x0000000088800000|100%| E|CS|TAMS 0x0000000088700000| PB 0x0000000088700000| Complete 

Card table byte_map: [0x000001a1d31d0000,0x000001a1d35d0000] _byte_map_base: 0x000001a1d2dcc000

Marking Bits: (CMBitMap*) 0x000001a1ba69ad80
 Bits: [0x000001a1d35d0000, 0x000001a1d55b0000)

Polling page: 0x000001a1b8410000

Metaspace:

Usage:
  Non-class:     18.36 MB used.
      Class:      3.12 MB used.
       Both:     21.48 MB used.

Virtual space:
  Non-class space:       64.00 MB reserved,      18.56 MB ( 29%) committed,  1 nodes.
      Class space:        1.00 GB reserved,       3.31 MB ( <1%) committed,  1 nodes.
             Both:        1.06 GB reserved,      21.88 MB (  2%) committed. 

Chunk freelists:
   Non-Class:  13.03 MB
       Class:  12.73 MB
        Both:  25.76 MB

MaxMetaspaceSize: unlimited
CompressedClassSpaceSize: 1.00 GB
Initial GC threshold: 21.00 MB
Current GC threshold: 35.12 MB
CDS: on
 - commit_granule_bytes: 65536.
 - commit_granule_words: 8192.
 - virtual_space_node_default_size: 8388608.
 - enlarge_chunks_in_place: 1.
 - use_allocation_guard: 0.


Internal statistics:

num_allocs_failed_limit: 3.
num_arena_births: 374.
num_arena_deaths: 0.
num_vsnodes_births: 2.
num_vsnodes_deaths: 0.
num_space_committed: 350.
num_space_uncommitted: 0.
num_chunks_returned_to_freelist: 3.
num_chunks_taken_from_freelist: 1091.
num_chunk_merges: 3.
num_chunk_splits: 777.
num_chunks_enlarged: 600.
num_inconsistent_stats: 0.

CodeHeap 'non-profiled nmethods': size=120000Kb used=1650Kb max_used=1650Kb free=118349Kb
 bounds [0x000001a1cb8a0000, 0x000001a1cbb10000, 0x000001a1d2dd0000]
CodeHeap 'profiled nmethods': size=120000Kb used=8180Kb max_used=8180Kb free=111819Kb
 bounds [0x000001a1c3dd0000, 0x000001a1c45d0000, 0x000001a1cb300000]
CodeHeap 'non-nmethods': size=5760Kb used=1888Kb max_used=1928Kb free=3871Kb
 bounds [0x000001a1cb300000, 0x000001a1cb570000, 0x000001a1cb8a0000]
 total_blobs=4802 nmethods=3918 adapters=787
 compilation: enabled
              stopped_count=0, restarted_count=0
 full_count=0

Compilation events (20 events):
Event: 10.900 Thread 0x000001a1d7ad0480 3912       3       com.sun.javafx.sg.prism.NGGroup::computeRenderRoot (398 bytes)
Event: 10.901 Thread 0x000001a1d7a6b460 nmethod 3911 0x000001a1cba3bf10 code [0x000001a1cba3c0a0, 0x000001a1cba3c1a8]
Event: 10.901 Thread 0x000001a1d7a6b460 3913       4       com.sun.javafx.geom.transform.Translate2D::getDegree (4 bytes)
Event: 10.901 Thread 0x000001a1d7a6b460 nmethod 3913 0x000001a1cba3c290 code [0x000001a1cba3c420, 0x000001a1cba3c4b0]
Event: 10.905 Thread 0x000001a1d7ad0480 nmethod 3912 0x000001a1c45c3010 code [0x000001a1c45c34c0, 0x000001a1c45c5978]
Event: 10.905 Thread 0x000001a1d7ad0480 3914       1       com.sun.prism.paint.Stop::getOffset (5 bytes)
Event: 10.905 Thread 0x000001a1d7ad0480 nmethod 3914 0x000001a1cba3c590 code [0x000001a1cba3c720, 0x000001a1cba3c7e8]
Event: 10.905 Thread 0x000001a1d7ad0480 3915       3       com.sun.prism.impl.ManagedResource::_isgone (42 bytes)
Event: 10.907 Thread 0x000001a1d7ad0480 nmethod 3915 0x000001a1c45c6b10 code [0x000001a1c45c6d00, 0x000001a1c45c73e8]
Event: 10.915 Thread 0x000001a1d7ad0480 3916       3       com.sun.javafx.geom.BoxBounds::isEmpty (42 bytes)
Event: 10.915 Thread 0x000001a1d7ad0480 nmethod 3916 0x000001a1c45c7590 code [0x000001a1c45c7740, 0x000001a1c45c79a0]
Event: 10.917 Thread 0x000001a1d7ad0480 3917       3       com.sun.javafx.image.impl.BaseByteToByteConverter::convert (120 bytes)
Event: 10.917 Thread 0x000001a1d7a6b460 3918 %     4       com.sun.marlin.Renderer::_endRendering @ 251 (2639 bytes)
Event: 10.918 Thread 0x000001a1d7ad0480 nmethod 3917 0x000001a1c45c7a10 code [0x000001a1c45c7d00, 0x000001a1c45c8d58]
Event: 10.930 Thread 0x000001a1d7ad0480 3919       3       java.util.concurrent.locks.AbstractQueuedSynchronizer$ConditionObject::signal (34 bytes)
Event: 10.930 Thread 0x000001a1d7ad0480 nmethod 3919 0x000001a1c45c9310 code [0x000001a1c45c94e0, 0x000001a1c45c9840]
Event: 10.964 Thread 0x000001a1d7ad0480 3920       3       com.sun.javafx.scene.EnteredExitedHandler::dispatchBubblingEvent (204 bytes)
Event: 10.969 Thread 0x000001a1d7ad0480 nmethod 3920 0x000001a1c45c9990 code [0x000001a1c45c9dc0, 0x000001a1c45cc370]
Event: 11.012 Thread 0x000001a1d7ad0480 3921       3       javafx.scene.Node::sceneToLocal (17 bytes)
Event: 11.012 Thread 0x000001a1d7ad0480 nmethod 3921 0x000001a1c45ccb90 code [0x000001a1c45ccd40, 0x000001a1c45ccf60]

GC Heap History (6 events):
Event: 2.100 GC heap before
{Heap before GC invocations=0 (full 0):
 garbage-first heap   total 131072K, used 12288K [0x0000000080800000, 0x0000000100000000)
  region size 1024K, 13 young (13312K), 0 survivors (0K)
 Metaspace       used 6076K, committed 6272K, reserved 1114112K
  class space    used 727K, committed 832K, reserved 1048576K
}
Event: 2.111 GC heap after
{Heap after GC invocations=1 (full 0):
 garbage-first heap   total 131072K, used 2985K [0x0000000080800000, 0x0000000100000000)
  region size 1024K, 2 young (2048K), 2 survivors (2048K)
 Metaspace       used 6076K, committed 6272K, reserved 1114112K
  class space    used 727K, committed 832K, reserved 1048576K
}
Event: 8.362 GC heap before
{Heap before GC invocations=1 (full 0):
 garbage-first heap   total 131072K, used 22441K [0x0000000080800000, 0x0000000100000000)
  region size 1024K, 20 young (20480K), 2 survivors (2048K)
 Metaspace       used 15029K, committed 15360K, reserved 1114112K
  class space    used 1973K, committed 2112K, reserved 1048576K
}
Event: 8.386 GC heap after
{Heap after GC invocations=2 (full 0):
 garbage-first heap   total 131072K, used 10963K [0x0000000080800000, 0x0000000100000000)
  region size 1024K, 3 young (3072K), 3 survivors (3072K)
 Metaspace       used 15029K, committed 15360K, reserved 1114112K
  class space    used 1973K, committed 2112K, reserved 1048576K
}
Event: 9.508 GC heap before
{Heap before GC invocations=2 (full 0):
 garbage-first heap   total 131072K, used 33491K [0x0000000080800000, 0x0000000100000000)
  region size 1024K, 20 young (20480K), 3 survivors (3072K)
 Metaspace       used 21197K, committed 21504K, reserved 1114112K
  class space    used 3085K, committed 3264K, reserved 1048576K
}
Event: 9.526 GC heap after
{Heap after GC invocations=3 (full 0):
 garbage-first heap   total 131072K, used 19974K [0x0000000080800000, 0x0000000100000000)
  region size 1024K, 3 young (3072K), 3 survivors (3072K)
 Metaspace       used 21197K, committed 21504K, reserved 1114112K
  class space    used 3085K, committed 3264K, reserved 1048576K
}

Dll operation events (20 events):
Event: 1.366 Loaded shared library C:\Users\John Paul Uy\OneDrive\Documents\zulu21.28.85-ca-fx-jdk21.0.0-win_x64\bin\api-ms-win-crt-math-l1-1-0.dll
Event: 1.373 Loaded shared library C:\Users\John Paul Uy\OneDrive\Documents\zulu21.28.85-ca-fx-jdk21.0.0-win_x64\bin\api-ms-win-crt-multibyte-l1-1-0.dll
Event: 1.379 Loaded shared library C:\Users\John Paul Uy\OneDrive\Documents\zulu21.28.85-ca-fx-jdk21.0.0-win_x64\bin\api-ms-win-crt-private-l1-1-0.dll
Event: 1.385 Loaded shared library C:\Users\John Paul Uy\OneDrive\Documents\zulu21.28.85-ca-fx-jdk21.0.0-win_x64\bin\api-ms-win-crt-process-l1-1-0.dll
Event: 1.389 Loaded shared library C:\Users\John Paul Uy\OneDrive\Documents\zulu21.28.85-ca-fx-jdk21.0.0-win_x64\bin\api-ms-win-crt-runtime-l1-1-0.dll
Event: 1.395 Loaded shared library C:\Users\John Paul Uy\OneDrive\Documents\zulu21.28.85-ca-fx-jdk21.0.0-win_x64\bin\api-ms-win-crt-stdio-l1-1-0.dll
Event: 1.399 Loaded shared library C:\Users\John Paul Uy\OneDrive\Documents\zulu21.28.85-ca-fx-jdk21.0.0-win_x64\bin\api-ms-win-crt-string-l1-1-0.dll
Event: 1.403 Loaded shared library C:\Users\John Paul Uy\OneDrive\Documents\zulu21.28.85-ca-fx-jdk21.0.0-win_x64\bin\api-ms-win-crt-time-l1-1-0.dll
Event: 1.408 Loaded shared library C:\Users\John Paul Uy\OneDrive\Documents\zulu21.28.85-ca-fx-jdk21.0.0-win_x64\bin\api-ms-win-crt-utility-l1-1-0.dll
Event: 1.411 Loaded shared library C:\Users\John Paul Uy\OneDrive\Documents\zulu21.28.85-ca-fx-jdk21.0.0-win_x64\bin\ucrtbase.dll
Event: 1.414 Loaded shared library C:\Users\John Paul Uy\OneDrive\Documents\zulu21.28.85-ca-fx-jdk21.0.0-win_x64\bin\vcruntime140.dll
Event: 1.417 Loaded shared library C:\Users\John Paul Uy\OneDrive\Documents\zulu21.28.85-ca-fx-jdk21.0.0-win_x64\bin\vcruntime140_1.dll
Event: 1.420 Loaded shared library C:\Users\John Paul Uy\OneDrive\Documents\zulu21.28.85-ca-fx-jdk21.0.0-win_x64\bin\msvcp140.dll
Event: 1.425 Loaded shared library C:\Users\John Paul Uy\OneDrive\Documents\zulu21.28.85-ca-fx-jdk21.0.0-win_x64\bin\msvcp140_1.dll
Event: 1.434 Loaded shared library C:\Users\John Paul Uy\OneDrive\Documents\zulu21.28.85-ca-fx-jdk21.0.0-win_x64\bin\msvcp140_2.dll
Event: 1.508 Loaded shared library C:\Users\John Paul Uy\OneDrive\Documents\zulu21.28.85-ca-fx-jdk21.0.0-win_x64\bin\prism_d3d.dll
Event: 1.628 Loaded shared library C:\Users\John Paul Uy\OneDrive\Documents\zulu21.28.85-ca-fx-jdk21.0.0-win_x64\bin\glass.dll
Event: 2.241 Loaded shared library C:\Users\John Paul Uy\OneDrive\Documents\zulu21.28.85-ca-fx-jdk21.0.0-win_x64\bin\javafx_font.dll
Event: 8.483 Loaded shared library C:\Users\John Paul Uy\OneDrive\Documents\zulu21.28.85-ca-fx-jdk21.0.0-win_x64\bin\extnet.dll
Event: 8.902 Loaded shared library C:\Users\John Paul Uy\OneDrive\Documents\zulu21.28.85-ca-fx-jdk21.0.0-win_x64\bin\javafx_iio.dll

Deoptimization events (20 events):
Event: 10.117 Thread 0x000001a21d22c810 DEOPT PACKING pc=0x000001a1cb9f9808 sp=0x000000842acfcad0
Event: 10.117 Thread 0x000001a21d22c810 DEOPT UNPACKING pc=0x000001a1cb3546a2 sp=0x000000842acfca18 mode 2
Event: 10.119 Thread 0x000001a21d22c810 Uncommon trap: trap_request=0xffffffde fr.pc=0x000001a1cb9f9808 relative=0x0000000000000788
Event: 10.119 Thread 0x000001a21d22c810 Uncommon trap: reason=class_check action=maybe_recompile pc=0x000001a1cb9f9808 method=java.util.WeakHashMap.matchesKey(Ljava/util/WeakHashMap$Entry;Ljava/lang/Object;)Z @ 21 c2
Event: 10.119 Thread 0x000001a21d22c810 DEOPT PACKING pc=0x000001a1cb9f9808 sp=0x000000842acfcad0
Event: 10.119 Thread 0x000001a21d22c810 DEOPT UNPACKING pc=0x000001a1cb3546a2 sp=0x000000842acfca18 mode 2
Event: 10.119 Thread 0x000001a21d22c810 Uncommon trap: trap_request=0xffffffde fr.pc=0x000001a1cb9f9808 relative=0x0000000000000788
Event: 10.119 Thread 0x000001a21d22c810 Uncommon trap: reason=class_check action=maybe_recompile pc=0x000001a1cb9f9808 method=java.util.WeakHashMap.matchesKey(Ljava/util/WeakHashMap$Entry;Ljava/lang/Object;)Z @ 21 c2
Event: 10.119 Thread 0x000001a21d22c810 DEOPT PACKING pc=0x000001a1cb9f9808 sp=0x000000842acfcad0
Event: 10.119 Thread 0x000001a21d22c810 DEOPT UNPACKING pc=0x000001a1cb3546a2 sp=0x000000842acfca18 mode 2
Event: 10.120 Thread 0x000001a21d22c810 DEOPT PACKING pc=0x000001a1c45800ac sp=0x000000842acfc6e0
Event: 10.120 Thread 0x000001a21d22c810 DEOPT UNPACKING pc=0x000001a1cb354e42 sp=0x000000842acfbb30 mode 0
Event: 10.126 Thread 0x000001a21d22c810 Uncommon trap: trap_request=0xffffff45 fr.pc=0x000001a1cb99a73c relative=0x000000000000009c
Event: 10.126 Thread 0x000001a21d22c810 Uncommon trap: reason=unstable_if action=reinterpret pc=0x000001a1cb99a73c method=com.sun.javafx.geom.RectBounds.isEmpty()Z @ 21 c2
Event: 10.126 Thread 0x000001a21d22c810 DEOPT PACKING pc=0x000001a1cb99a73c sp=0x000000842acfc780
Event: 10.126 Thread 0x000001a21d22c810 DEOPT UNPACKING pc=0x000001a1cb3546a2 sp=0x000000842acfc710 mode 2
Event: 10.229 Thread 0x000001a21d22c810 Uncommon trap: trap_request=0xffffff45 fr.pc=0x000001a1cb9a8038 relative=0x0000000000000098
Event: 10.229 Thread 0x000001a21d22c810 Uncommon trap: reason=unstable_if action=reinterpret pc=0x000001a1cb9a8038 method=java.lang.Math.round(F)I @ 36 c2
Event: 10.229 Thread 0x000001a21d22c810 DEOPT PACKING pc=0x000001a1cb9a8038 sp=0x000000842acfcac0
Event: 10.229 Thread 0x000001a21d22c810 DEOPT UNPACKING pc=0x000001a1cb3546a2 sp=0x000000842acfca38 mode 2

Classes loaded (20 events):
Event: 9.131 Loading class sun/security/provider/ByteArrayAccess$LE
Event: 9.131 Loading class sun/security/provider/ByteArrayAccess$LE done
Event: 9.132 Loading class sun/security/provider/ByteArrayAccess
Event: 9.132 Loading class sun/security/provider/ByteArrayAccess done
Event: 9.372 Loading class java/lang/FdLibm$Hypot
Event: 9.372 Loading class java/lang/FdLibm$Hypot done
Event: 9.372 Loading class java/lang/FdLibm
Event: 9.372 Loading class java/lang/FdLibm done
Event: 9.407 Loading class java/util/BitSet
Event: 9.408 Loading class java/util/BitSet done
Event: 9.410 Loading class java/util/BitSet$1BitSetSpliterator
Event: 9.410 Loading class java/util/BitSet$1BitSetSpliterator done
Event: 9.411 Loading class java/util/stream/IntPipeline$1
Event: 9.411 Loading class java/util/stream/IntPipeline$1 done
Event: 9.411 Loading class java/util/stream/IntPipeline$1$1
Event: 9.411 Loading class java/util/stream/IntPipeline$1$1 done
Event: 10.057 Loading class java/lang/FdLibm$Acos
Event: 10.057 Loading class java/lang/FdLibm$Acos done
Event: 10.103 Loading class java/lang/FdLibm$Atan2
Event: 10.103 Loading class java/lang/FdLibm$Atan2 done

Classes unloaded (0 events):
No events

Classes redefined (0 events):
No events

Internal exceptions (20 events):
Event: 3.800 Thread 0x000001a21d7b40f0 Exception <a 'java/lang/NoSuchMethodError'{0x0000000087ca28e8}: 'java.lang.Object java.lang.invoke.DirectMethodHandle$Holder.newInvokeSpecial(java.lang.Object, java.lang.Object, int)'> (0x0000000087ca28e8) 
thrown [s\src\hotspot\share\interpreter\linkResolver.cpp, line 773]
Event: 3.851 Thread 0x000001a21d22c810 Exception <a 'java/lang/NoSuchMethodError'{0x0000000087cfdfd0}: 'int java.lang.invoke.DirectMethodHandle$Holder.invokeStaticInit(java.lang.Object, java.lang.Object)'> (0x0000000087cfdfd0) 
thrown [s\src\hotspot\share\interpreter\linkResolver.cpp, line 773]
Event: 3.876 Thread 0x000001a21d22c810 Exception <a 'java/lang/NoSuchMethodError'{0x0000000087b445b8}: 'java.lang.Object java.lang.invoke.Invokers$Holder.invokeExact_MT(java.lang.Object, java.lang.Object, java.lang.Object, java.lang.Object, java.lang.Object)'> (0x0000000087b445b8) 
thrown [s\src\hotspot\share\interpreter\linkResolver.cpp, line 773]
Event: 5.828 Thread 0x000001a21d7b40f0 Exception <a 'java/lang/NoSuchMethodError'{0x000000008785fc88}: 'long java.lang.invoke.DirectMethodHandle$Holder.invokeStatic(java.lang.Object, java.lang.Object, java.lang.Object)'> (0x000000008785fc88) 
thrown [s\src\hotspot\share\interpreter\linkResolver.cpp, line 773]
Event: 5.828 Thread 0x000001a21d7b40f0 Exception <a 'java/lang/NoSuchMethodError'{0x0000000087863058}: 'long java.lang.invoke.DirectMethodHandle$Holder.invokeStaticInit(java.lang.Object, java.lang.Object, java.lang.Object)'> (0x0000000087863058) 
thrown [s\src\hotspot\share\interpreter\linkResolver.cpp, line 773]
Event: 5.831 Thread 0x000001a21d7b40f0 Exception <a 'java/lang/NoSuchMethodError'{0x0000000087877890}: 'java.lang.Object java.lang.invoke.DirectMethodHandle$Holder.newInvokeSpecial(java.lang.Object, java.lang.Object, long)'> (0x0000000087877890) 
thrown [s\src\hotspot\share\interpreter\linkResolver.cpp, line 773]
Event: 5.831 Thread 0x000001a21d7b40f0 Exception <a 'java/lang/NoSuchMethodError'{0x000000008787b188}: 'java.lang.Object java.lang.invoke.Invokers$Holder.linkToTargetMethod(java.lang.Object, long, java.lang.Object)'> (0x000000008787b188) 
thrown [s\src\hotspot\share\interpreter\linkResolver.cpp, line 773]
Event: 7.317 Thread 0x000001a21d7b40f0 Exception <a 'java/lang/NoSuchMethodError'{0x0000000087707fc0}: 'java.lang.Object java.lang.invoke.DirectMethodHandle$Holder.newInvokeSpecial(java.lang.Object, java.lang.Object, int, int, int, int, int, java.lang.Object)'> (0x0000000087707fc0) 
thrown [s\src\hotspot\share\interpreter\linkResolver.cpp, line 773]
Event: 7.320 Thread 0x000001a21d7b40f0 Exception <a 'java/lang/NoSuchMethodError'{0x0000000087719bd0}: 'java.lang.Object java.lang.invoke.DirectMethodHandle$Holder.newInvokeSpecial(java.lang.Object, java.lang.Object, java.lang.Object, int, int, int, int, int)'> (0x0000000087719bd0) 
thrown [s\src\hotspot\share\interpreter\linkResolver.cpp, line 773]
Event: 7.320 Thread 0x000001a21d7b40f0 Exception <a 'java/lang/NoSuchMethodError'{0x0000000087721278}: 'java.lang.Object java.lang.invoke.Invokers$Holder.linkToTargetMethod(java.lang.Object, java.lang.Object, int, int, int, int, int, java.lang.Object)'> (0x0000000087721278) 
thrown [s\src\hotspot\share\interpreter\linkResolver.cpp, line 773]
Event: 8.296 Thread 0x000001a21d7b40f0 Exception <a 'java/lang/NoSuchMethodError'{0x00000000875181c8}: 'java.lang.Object java.lang.invoke.DirectMethodHandle$Holder.invokeVirtual(java.lang.Object, java.lang.Object, java.lang.Object)'> (0x00000000875181c8) 
thrown [s\src\hotspot\share\interpreter\linkResolver.cpp, line 773]
Event: 8.626 Thread 0x000001a21d7b40f0 Implicit null exception at 0x000001a1cb9a2bf5 to 0x000001a1cb9a2cb4
Event: 8.738 Thread 0x000001a21d7b40f0 Exception <a 'java/lang/NoSuchMethodError'{0x0000000087f91220}: 'void java.lang.invoke.DirectMethodHandle$Holder.invokeInterface(java.lang.Object, java.lang.Object)'> (0x0000000087f91220) 
thrown [s\src\hotspot\share\interpreter\linkResolver.cpp, line 773]
Event: 9.019 Thread 0x000001a21d7b40f0 Implicit null exception at 0x000001a1cb99da5e to 0x000001a1cb99dadc
Event: 9.051 Thread 0x000001a21d7b40f0 Exception <a 'java/io/FileNotFoundException'{0x0000000087c0a3b0}> (0x0000000087c0a3b0) 
thrown [s\src\hotspot\share\prims\jni.cpp, line 520]
Event: 9.242 Thread 0x000001a21d7b40f0 Exception <a 'java/lang/ClassNotFoundException'{0x0000000087bca798}: com/sun/javafx/scene/control/skin/resources/controls> (0x0000000087bca798) 
thrown [s\src\hotspot\share\prims\jni.cpp, line 539]
Event: 9.243 Thread 0x000001a21d7b40f0 Exception <a 'java/lang/ClassNotFoundException'{0x0000000087bd9100}: com/sun/javafx/scene/control/skin/resources/controls_en> (0x0000000087bd9100) 
thrown [s\src\hotspot\share\prims\jni.cpp, line 539]
Event: 9.243 Thread 0x000001a21d7b40f0 Exception <a 'java/lang/ClassNotFoundException'{0x0000000087bda860}: com/sun/javafx/scene/control/skin/resources/controls_en_US> (0x0000000087bda860) 
thrown [s\src\hotspot\share\prims\jni.cpp, line 539]
Event: 9.301 Thread 0x000001a21d7b40f0 Exception <a 'java/lang/NoSuchMethodError'{0x0000000087ad4470}: 'void java.lang.invoke.DirectMethodHandle$Holder.invokeSpecial(java.lang.Object, java.lang.Object, java.lang.Object, java.lang.Object, java.lang.Object, java.lang.Object)'> (0x0000000087ad4470) 
thrown [s\src\hotspot\share\interpreter\linkResolver.cpp, line 773]
Event: 10.154 Thread 0x000001a21d22c810 Exception <a 'java/lang/NoSuchMethodError'{0x0000000084284ae0}: 'java.lang.Object java.lang.invoke.DirectMethodHandle$Holder.invokeStaticInit(java.lang.Object, int)'> (0x0000000084284ae0) 
thrown [s\src\hotspot\share\interpreter\linkResolver.cpp, line 773]

ZGC Phase Switch (0 events):
No events

VM Operations (20 events):
Event: 9.227 Executing VM operation: HandshakeAllThreads (Deoptimize)
Event: 9.227 Executing VM operation: HandshakeAllThreads (Deoptimize) done
Event: 9.295 Executing VM operation: HandshakeAllThreads (Deoptimize)
Event: 9.295 Executing VM operation: HandshakeAllThreads (Deoptimize) done
Event: 9.297 Executing VM operation: HandshakeAllThreads (Deoptimize)
Event: 9.297 Executing VM operation: HandshakeAllThreads (Deoptimize) done
Event: 9.298 Executing VM operation: HandshakeAllThreads (Deoptimize)
Event: 9.298 Executing VM operation: HandshakeAllThreads (Deoptimize) done
Event: 9.437 Executing VM operation: HandshakeAllThreads (Deoptimize)
Event: 9.437 Executing VM operation: HandshakeAllThreads (Deoptimize) done
Event: 9.507 Executing VM operation: CollectForMetadataAllocation (Metadata GC Threshold)
Event: 9.531 Executing VM operation: CollectForMetadataAllocation (Metadata GC Threshold) done
Event: 9.546 Executing VM operation: G1PauseRemark
Event: 9.558 Executing VM operation: G1PauseRemark done
Event: 9.569 Executing VM operation: G1PauseCleanup
Event: 9.569 Executing VM operation: G1PauseCleanup done
Event: 9.967 Executing VM operation: ICBufferFull
Event: 9.967 Executing VM operation: ICBufferFull done
Event: 10.968 Executing VM operation: Cleanup
Event: 10.969 Executing VM operation: Cleanup done

Events (20 events):
Event: 1.634 Thread 0x000001a21d7afe30 Thread added: 0x000001a21d7afe30
Event: 1.642 Thread 0x000001a21d7b40f0 Thread added: 0x000001a21d7b40f0
Event: 1.809 Thread 0x000001a21de5b360 Thread added: 0x000001a21de5b360
Event: 1.810 Thread 0x000001a21de5b9d0 Thread added: 0x000001a21de5b9d0
Event: 2.317 Thread 0x000001a21e1c64b0 Thread added: 0x000001a21e1c64b0
Event: 3.012 Thread 0x000001a21e1c64b0 Thread exited: 0x000001a21e1c64b0
Event: 3.059 Thread 0x000001a21e1c64b0 Thread added: 0x000001a21e1c64b0
Event: 3.161 Thread 0x000001a21e20eac0 Thread added: 0x000001a21e20eac0
Event: 3.509 Thread 0x000001a21e1c64b0 Thread exited: 0x000001a21e1c64b0
Event: 3.555 Thread 0x000001a21e2e7d40 Thread added: 0x000001a21e2e7d40
Event: 3.762 Thread 0x000001a21e2ef820 Thread added: 0x000001a21e2ef820
Event: 3.895 Thread 0x000001a21e2e7020 Thread added: 0x000001a21e2e7020
Event: 3.895 Thread 0x000001a21e2ef820 Thread exited: 0x000001a21e2ef820
Event: 6.164 Thread 0x000001a21dd1b320 Thread added: 0x000001a21dd1b320
Event: 6.306 Thread 0x000001a21dd1b320 Thread exited: 0x000001a21dd1b320
Event: 8.221 Thread 0x000001a21e2e9780 Thread added: 0x000001a21e2e9780
Event: 8.330 Thread 0x000001a21d1cb0b0 Thread added: 0x000001a21d1cb0b0
Event: 8.514 Thread 0x000001a21d1cb0b0 Thread exited: 0x000001a21d1cb0b0
Event: 8.755 Thread 0x000001a21d3a5e80 Thread added: 0x000001a21d3a5e80
Event: 10.804 Thread 0x000001a21d3a5e80 Thread exited: 0x000001a21d3a5e80


Dynamic libraries:
0x00007ff7ad970000 - 0x00007ff7ad97e000 	C:\Users\John Paul Uy\OneDrive\Documents\zulu21.28.85-ca-fx-jdk21.0.0-win_x64\bin\java.exe
0x00007ffd386f0000 - 0x00007ffd388e8000 	C:\WINDOWS\SYSTEM32\ntdll.dll
0x00007ffd36a40000 - 0x00007ffd36aff000 	C:\WINDOWS\System32\KERNEL32.DLL
0x00007ffd362d0000 - 0x00007ffd365c6000 	C:\WINDOWS\System32\KERNELBASE.dll
0x00007ffd36650000 - 0x00007ffd36750000 	C:\WINDOWS\System32\ucrtbase.dll
0x00007ffd2e230000 - 0x00007ffd2e248000 	C:\Users\John Paul Uy\OneDrive\Documents\zulu21.28.85-ca-fx-jdk21.0.0-win_x64\bin\jli.dll
0x00007ffd38510000 - 0x00007ffd386ad000 	C:\WINDOWS\System32\USER32.dll
0x00007ffd365d0000 - 0x00007ffd365f2000 	C:\WINDOWS\System32\win32u.dll
0x00007ffd36c70000 - 0x00007ffd36c9c000 	C:\WINDOWS\System32\GDI32.dll
0x00007ffd35e70000 - 0x00007ffd35f85000 	C:\WINDOWS\System32\gdi32full.dll
0x00007ffd35dd0000 - 0x00007ffd35e6d000 	C:\WINDOWS\System32\msvcp_win.dll
0x00007ffd2d2f0000 - 0x00007ffd2d30b000 	C:\Users\John Paul Uy\OneDrive\Documents\zulu21.28.85-ca-fx-jdk21.0.0-win_x64\bin\VCRUNTIME140.dll
0x00007ffd2c390000 - 0x00007ffd2c62a000 	C:\WINDOWS\WinSxS\amd64_microsoft.windows.common-controls_6595b64144ccf1df_6.0.19041.1110_none_60b5254171f9507e\COMCTL32.dll
0x00007ffd37db0000 - 0x00007ffd37e4e000 	C:\WINDOWS\System32\msvcrt.dll
0x00007ffd372c0000 - 0x00007ffd372f0000 	C:\WINDOWS\System32\IMM32.DLL
0x00007ffd2b480000 - 0x00007ffd2b48c000 	C:\Users\John Paul Uy\OneDrive\Documents\zulu21.28.85-ca-fx-jdk21.0.0-win_x64\bin\vcruntime140_1.dll
0x00007ffd185d0000 - 0x00007ffd1865e000 	C:\Users\John Paul Uy\OneDrive\Documents\zulu21.28.85-ca-fx-jdk21.0.0-win_x64\bin\msvcp140.dll
0x00007ffd061a0000 - 0x00007ffd06f2b000 	C:\Users\John Paul Uy\OneDrive\Documents\zulu21.28.85-ca-fx-jdk21.0.0-win_x64\bin\server\jvm.dll
0x00007ffd37540000 - 0x00007ffd375ef000 	C:\WINDOWS\System32\ADVAPI32.dll
0x00007ffd37f20000 - 0x00007ffd37fbc000 	C:\WINDOWS\System32\sechost.dll
0x00007ffd372f0000 - 0x00007ffd37416000 	C:\WINDOWS\System32\RPCRT4.dll
0x00007ffd371f0000 - 0x00007ffd3725b000 	C:\WINDOWS\System32\WS2_32.dll
0x00007ffd35490000 - 0x00007ffd354db000 	C:\WINDOWS\SYSTEM32\POWRPROF.dll
0x00007ffd2efa0000 - 0x00007ffd2efc7000 	C:\WINDOWS\SYSTEM32\WINMM.dll
0x00007ffd2f650000 - 0x00007ffd2f65a000 	C:\WINDOWS\SYSTEM32\VERSION.dll
0x00007ffd35450000 - 0x00007ffd35462000 	C:\WINDOWS\SYSTEM32\UMPDC.dll
0x00007ffd33c90000 - 0x00007ffd33ca2000 	C:\WINDOWS\SYSTEM32\kernel.appcore.dll
0x00007ffd2b470000 - 0x00007ffd2b47a000 	C:\Users\John Paul Uy\OneDrive\Documents\zulu21.28.85-ca-fx-jdk21.0.0-win_x64\bin\jimage.dll
0x00007ffd252e0000 - 0x00007ffd254c4000 	C:\WINDOWS\SYSTEM32\DBGHELP.DLL
0x00007ffd252a0000 - 0x00007ffd252d4000 	C:\WINDOWS\SYSTEM32\dbgcore.DLL
0x00007ffd36160000 - 0x00007ffd361e2000 	C:\WINDOWS\System32\bcryptPrimitives.dll
0x00007ffd2acc0000 - 0x00007ffd2acdf000 	C:\Users\John Paul Uy\OneDrive\Documents\zulu21.28.85-ca-fx-jdk21.0.0-win_x64\bin\java.dll
0x00007ffd37660000 - 0x00007ffd37da4000 	C:\WINDOWS\System32\SHELL32.dll
0x00007ffd33e90000 - 0x00007ffd34623000 	C:\WINDOWS\SYSTEM32\windows.storage.dll
0x00007ffd36e90000 - 0x00007ffd371e4000 	C:\WINDOWS\System32\combase.dll
0x00007ffd35810000 - 0x00007ffd3583e000 	C:\WINDOWS\SYSTEM32\Wldp.dll
0x00007ffd36cb0000 - 0x00007ffd36d5d000 	C:\WINDOWS\System32\SHCORE.dll
0x00007ffd37260000 - 0x00007ffd372b5000 	C:\WINDOWS\System32\shlwapi.dll
0x00007ffd35d00000 - 0x00007ffd35d25000 	C:\WINDOWS\SYSTEM32\profapi.dll
0x00007ffd14710000 - 0x00007ffd147e7000 	C:\Users\John Paul Uy\OneDrive\Documents\zulu21.28.85-ca-fx-jdk21.0.0-win_x64\bin\jsvml.dll
0x00007ffd2acb0000 - 0x00007ffd2acc0000 	C:\Users\John Paul Uy\OneDrive\Documents\zulu21.28.85-ca-fx-jdk21.0.0-win_x64\bin\net.dll
0x00007ffd31130000 - 0x00007ffd3123a000 	C:\WINDOWS\SYSTEM32\WINHTTP.dll
0x00007ffd35570000 - 0x00007ffd355da000 	C:\WINDOWS\system32\mswsock.dll
0x00007ffd22960000 - 0x00007ffd22976000 	C:\Users\John Paul Uy\OneDrive\Documents\zulu21.28.85-ca-fx-jdk21.0.0-win_x64\bin\nio.dll
0x00007ffd22690000 - 0x00007ffd226a8000 	C:\Users\John Paul Uy\OneDrive\Documents\zulu21.28.85-ca-fx-jdk21.0.0-win_x64\bin\zip.dll
0x000001a1ba550000 - 0x000001a1ba554000 	C:\Users\John Paul Uy\OneDrive\Documents\zulu21.28.85-ca-fx-jdk21.0.0-win_x64\bin\api-ms-win-core-console-l1-1-0.dll
0x000001a1ba560000 - 0x000001a1ba564000 	C:\Users\John Paul Uy\OneDrive\Documents\zulu21.28.85-ca-fx-jdk21.0.0-win_x64\bin\api-ms-win-core-console-l1-2-0.dll
0x000001a1ba570000 - 0x000001a1ba574000 	C:\Users\John Paul Uy\OneDrive\Documents\zulu21.28.85-ca-fx-jdk21.0.0-win_x64\bin\api-ms-win-core-datetime-l1-1-0.dll
0x000001a1ba580000 - 0x000001a1ba584000 	C:\Users\John Paul Uy\OneDrive\Documents\zulu21.28.85-ca-fx-jdk21.0.0-win_x64\bin\api-ms-win-core-debug-l1-1-0.dll
0x000001a1ba590000 - 0x000001a1ba594000 	C:\Users\John Paul Uy\OneDrive\Documents\zulu21.28.85-ca-fx-jdk21.0.0-win_x64\bin\api-ms-win-core-errorhandling-l1-1-0.dll
0x000001a1ba5a0000 - 0x000001a1ba5a5000 	C:\Users\John Paul Uy\OneDrive\Documents\zulu21.28.85-ca-fx-jdk21.0.0-win_x64\bin\api-ms-win-core-file-l1-1-0.dll
0x000001a1ba5b0000 - 0x000001a1ba5b4000 	C:\Users\John Paul Uy\OneDrive\Documents\zulu21.28.85-ca-fx-jdk21.0.0-win_x64\bin\api-ms-win-core-file-l1-2-0.dll
0x000001a1ba5c0000 - 0x000001a1ba5c4000 	C:\Users\John Paul Uy\OneDrive\Documents\zulu21.28.85-ca-fx-jdk21.0.0-win_x64\bin\api-ms-win-core-file-l2-1-0.dll
0x000001a1ba5d0000 - 0x000001a1ba5d4000 	C:\Users\John Paul Uy\OneDrive\Documents\zulu21.28.85-ca-fx-jdk21.0.0-win_x64\bin\api-ms-win-core-handle-l1-1-0.dll
0x000001a1ba5e0000 - 0x000001a1ba5e4000 	C:\Users\John Paul Uy\OneDrive\Documents\zulu21.28.85-ca-fx-jdk21.0.0-win_x64\bin\api-ms-win-core-heap-l1-1-0.dll
0x000001a1ba5f0000 - 0x000001a1ba5f4000 	C:\Users\John Paul Uy\OneDrive\Documents\zulu21.28.85-ca-fx-jdk21.0.0-win_x64\bin\api-ms-win-core-interlocked-l1-1-0.dll
0x000001a1ba600000 - 0x000001a1ba604000 	C:\Users\John Paul Uy\OneDrive\Documents\zulu21.28.85-ca-fx-jdk21.0.0-win_x64\bin\api-ms-win-core-libraryloader-l1-1-0.dll
0x000001a1ba610000 - 0x000001a1ba614000 	C:\Users\John Paul Uy\OneDrive\Documents\zulu21.28.85-ca-fx-jdk21.0.0-win_x64\bin\api-ms-win-core-localization-l1-2-0.dll
0x000001a1d7fe0000 - 0x000001a1d7fe4000 	C:\Users\John Paul Uy\OneDrive\Documents\zulu21.28.85-ca-fx-jdk21.0.0-win_x64\bin\api-ms-win-core-memory-l1-1-0.dll
0x000001a1d7ff0000 - 0x000001a1d7ff4000 	C:\Users\John Paul Uy\OneDrive\Documents\zulu21.28.85-ca-fx-jdk21.0.0-win_x64\bin\api-ms-win-core-namedpipe-l1-1-0.dll
0x000001a21e7d0000 - 0x000001a21e7d4000 	C:\Users\John Paul Uy\OneDrive\Documents\zulu21.28.85-ca-fx-jdk21.0.0-win_x64\bin\api-ms-win-core-processenvironment-l1-1-0.dll
0x000001a21e7e0000 - 0x000001a21e7e4000 	C:\Users\John Paul Uy\OneDrive\Documents\zulu21.28.85-ca-fx-jdk21.0.0-win_x64\bin\api-ms-win-core-processthreads-l1-1-0.dll
0x000001a21e7f0000 - 0x000001a21e7f4000 	C:\Users\John Paul Uy\OneDrive\Documents\zulu21.28.85-ca-fx-jdk21.0.0-win_x64\bin\api-ms-win-core-processthreads-l1-1-1.dll
0x000001a21e800000 - 0x000001a21e804000 	C:\Users\John Paul Uy\OneDrive\Documents\zulu21.28.85-ca-fx-jdk21.0.0-win_x64\bin\api-ms-win-core-profile-l1-1-0.dll
0x000001a21e810000 - 0x000001a21e814000 	C:\Users\John Paul Uy\OneDrive\Documents\zulu21.28.85-ca-fx-jdk21.0.0-win_x64\bin\api-ms-win-core-rtlsupport-l1-1-0.dll
0x000001a21e820000 - 0x000001a21e824000 	C:\Users\John Paul Uy\OneDrive\Documents\zulu21.28.85-ca-fx-jdk21.0.0-win_x64\bin\api-ms-win-core-string-l1-1-0.dll
0x000001a21e830000 - 0x000001a21e834000 	C:\Users\John Paul Uy\OneDrive\Documents\zulu21.28.85-ca-fx-jdk21.0.0-win_x64\bin\api-ms-win-core-synch-l1-1-0.dll
0x000001a21e840000 - 0x000001a21e844000 	C:\Users\John Paul Uy\OneDrive\Documents\zulu21.28.85-ca-fx-jdk21.0.0-win_x64\bin\api-ms-win-core-synch-l1-2-0.dll
0x000001a21e850000 - 0x000001a21e854000 	C:\Users\John Paul Uy\OneDrive\Documents\zulu21.28.85-ca-fx-jdk21.0.0-win_x64\bin\api-ms-win-core-sysinfo-l1-1-0.dll
0x000001a21e860000 - 0x000001a21e864000 	C:\Users\John Paul Uy\OneDrive\Documents\zulu21.28.85-ca-fx-jdk21.0.0-win_x64\bin\api-ms-win-core-timezone-l1-1-0.dll
0x000001a21e870000 - 0x000001a21e874000 	C:\Users\John Paul Uy\OneDrive\Documents\zulu21.28.85-ca-fx-jdk21.0.0-win_x64\bin\api-ms-win-core-util-l1-1-0.dll
0x000001a21e880000 - 0x000001a21e884000 	C:\Users\John Paul Uy\OneDrive\Documents\zulu21.28.85-ca-fx-jdk21.0.0-win_x64\bin\api-ms-win-crt-conio-l1-1-0.dll
0x000001a21e890000 - 0x000001a21e895000 	C:\Users\John Paul Uy\OneDrive\Documents\zulu21.28.85-ca-fx-jdk21.0.0-win_x64\bin\api-ms-win-crt-convert-l1-1-0.dll
0x000001a21e8a0000 - 0x000001a21e8a4000 	C:\Users\John Paul Uy\OneDrive\Documents\zulu21.28.85-ca-fx-jdk21.0.0-win_x64\bin\api-ms-win-crt-environment-l1-1-0.dll
0x000001a21e8b0000 - 0x000001a21e8b4000 	C:\Users\John Paul Uy\OneDrive\Documents\zulu21.28.85-ca-fx-jdk21.0.0-win_x64\bin\api-ms-win-crt-filesystem-l1-1-0.dll
0x000001a21e8c0000 - 0x000001a21e8c4000 	C:\Users\John Paul Uy\OneDrive\Documents\zulu21.28.85-ca-fx-jdk21.0.0-win_x64\bin\api-ms-win-crt-heap-l1-1-0.dll
0x000001a21e8d0000 - 0x000001a21e8d4000 	C:\Users\John Paul Uy\OneDrive\Documents\zulu21.28.85-ca-fx-jdk21.0.0-win_x64\bin\api-ms-win-crt-locale-l1-1-0.dll
0x000001a21e8e0000 - 0x000001a21e8e6000 	C:\Users\John Paul Uy\OneDrive\Documents\zulu21.28.85-ca-fx-jdk21.0.0-win_x64\bin\api-ms-win-crt-math-l1-1-0.dll
0x000001a21e8f0000 - 0x000001a21e8f6000 	C:\Users\John Paul Uy\OneDrive\Documents\zulu21.28.85-ca-fx-jdk21.0.0-win_x64\bin\api-ms-win-crt-multibyte-l1-1-0.dll
0x000001a21e900000 - 0x000001a21e911000 	C:\Users\John Paul Uy\OneDrive\Documents\zulu21.28.85-ca-fx-jdk21.0.0-win_x64\bin\api-ms-win-crt-private-l1-1-0.dll
0x000001a21e920000 - 0x000001a21e924000 	C:\Users\John Paul Uy\OneDrive\Documents\zulu21.28.85-ca-fx-jdk21.0.0-win_x64\bin\api-ms-win-crt-process-l1-1-0.dll
0x000001a21e930000 - 0x000001a21e935000 	C:\Users\John Paul Uy\OneDrive\Documents\zulu21.28.85-ca-fx-jdk21.0.0-win_x64\bin\api-ms-win-crt-runtime-l1-1-0.dll
0x000001a21e940000 - 0x000001a21e945000 	C:\Users\John Paul Uy\OneDrive\Documents\zulu21.28.85-ca-fx-jdk21.0.0-win_x64\bin\api-ms-win-crt-stdio-l1-1-0.dll
0x000001a21e950000 - 0x000001a21e955000 	C:\Users\John Paul Uy\OneDrive\Documents\zulu21.28.85-ca-fx-jdk21.0.0-win_x64\bin\api-ms-win-crt-string-l1-1-0.dll
0x000001a21e960000 - 0x000001a21e964000 	C:\Users\John Paul Uy\OneDrive\Documents\zulu21.28.85-ca-fx-jdk21.0.0-win_x64\bin\api-ms-win-crt-time-l1-1-0.dll
0x000001a21e970000 - 0x000001a21e974000 	C:\Users\John Paul Uy\OneDrive\Documents\zulu21.28.85-ca-fx-jdk21.0.0-win_x64\bin\api-ms-win-crt-utility-l1-1-0.dll
0x00007ffd10180000 - 0x00007ffd10290000 	C:\Users\John Paul Uy\OneDrive\Documents\zulu21.28.85-ca-fx-jdk21.0.0-win_x64\bin\ucrtbase.dll
0x00007ffd27770000 - 0x00007ffd27779000 	C:\Users\John Paul Uy\OneDrive\Documents\zulu21.28.85-ca-fx-jdk21.0.0-win_x64\bin\msvcp140_1.dll
0x00007ffd212d0000 - 0x00007ffd21300000 	C:\Users\John Paul Uy\OneDrive\Documents\zulu21.28.85-ca-fx-jdk21.0.0-win_x64\bin\msvcp140_2.dll
0x00007ffd212a0000 - 0x00007ffd212cf000 	C:\Users\John Paul Uy\OneDrive\Documents\zulu21.28.85-ca-fx-jdk21.0.0-win_x64\bin\prism_d3d.dll
0x00007ffd0eab0000 - 0x00007ffd0ec7d000 	C:\WINDOWS\system32\d3d9.dll
0x00007ffd33ab0000 - 0x00007ffd33adf000 	C:\WINDOWS\SYSTEM32\dwmapi.dll
0x00007ffd337c0000 - 0x00007ffd3385e000 	C:\WINDOWS\system32\uxtheme.dll
0x00007ffd2d0e0000 - 0x00007ffd2d1cb000 	C:\WINDOWS\System32\DriverStore\FileRepository\nv_ref_pubwu.inf_amd64_708ec8f9a4d134c6\nvldumdx.dll
0x00007ffd35f90000 - 0x00007ffd360ee000 	C:\WINDOWS\System32\crypt32.dll
0x00007ffd360f0000 - 0x00007ffd36157000 	C:\WINDOWS\System32\WINTRUST.DLL
0x00007ffd359a0000 - 0x00007ffd359b2000 	C:\WINDOWS\SYSTEM32\MSASN1.dll
0x00007ffd37fc0000 - 0x00007ffd37fdd000 	C:\WINDOWS\System32\imagehlp.dll
0x00007ffd35760000 - 0x00007ffd35778000 	C:\WINDOWS\SYSTEM32\CRYPTSP.dll
0x00007ffd34db0000 - 0x00007ffd34de4000 	C:\WINDOWS\system32\rsaenh.dll
0x00007ffd362a0000 - 0x00007ffd362c7000 	C:\WINDOWS\System32\bcrypt.dll
0x00007ffd35780000 - 0x00007ffd3578c000 	C:\WINDOWS\SYSTEM32\CRYPTBASE.dll
0x00007ffd09430000 - 0x00007ffd0a63d000 	C:\WINDOWS\System32\DriverStore\FileRepository\nv_ref_pubwu.inf_amd64_708ec8f9a4d134c6\nvd3dumx.dll
0x00007ffd21200000 - 0x00007ffd21242000 	C:\Users\John Paul Uy\OneDrive\Documents\zulu21.28.85-ca-fx-jdk21.0.0-win_x64\bin\glass.dll
0x00007ffd36b90000 - 0x00007ffd36c6a000 	C:\WINDOWS\System32\COMDLG32.dll
0x00007ffd36d60000 - 0x00007ffd36e8a000 	C:\WINDOWS\System32\ole32.dll
0x00007ffd37e50000 - 0x00007ffd37f1d000 	C:\WINDOWS\System32\OLEAUT32.dll
0x00007ffd37420000 - 0x00007ffd37534000 	C:\WINDOWS\System32\MSCTF.dll
0x00007ffd2de50000 - 0x00007ffd2de8b000 	C:\WINDOWS\SYSTEM32\dxcore.dll
0x00007ffd36600000 - 0x00007ffd3664e000 	C:\WINDOWS\System32\cfgmgr32.dll
0x00007ffd22500000 - 0x00007ffd22514000 	C:\Users\John Paul Uy\OneDrive\Documents\zulu21.28.85-ca-fx-jdk21.0.0-win_x64\bin\javafx_font.dll
0x00007ffd215a0000 - 0x00007ffd2181f000 	C:\WINDOWS\SYSTEM32\dwrite.dll
0x00007ffd36990000 - 0x00007ffd36a39000 	C:\WINDOWS\System32\clbcatq.dll
0x00007ffd300a0000 - 0x00007ffd30254000 	C:\WINDOWS\SYSTEM32\WindowsCodecs.dll
0x00007ffd21560000 - 0x00007ffd2159e000 	C:\WINDOWS\system32\dataexchange.dll
0x00007ffd31a50000 - 0x00007ffd31cb3000 	C:\WINDOWS\system32\d3d11.dll
0x00007ffd32890000 - 0x00007ffd32a73000 	C:\WINDOWS\system32\dcomp.dll
0x00007ffd34670000 - 0x00007ffd34763000 	C:\WINDOWS\system32\dxgi.dll
0x00007ffd30260000 - 0x00007ffd30467000 	C:\WINDOWS\system32\twinapi.appcore.dll
0x00007ffd22f60000 - 0x00007ffd22f94000 	C:\Program Files\Common Files\Microsoft Shared\Ink\rtscom.dll
0x00007ffd2d370000 - 0x00007ffd2d46a000 	C:\WINDOWS\SYSTEM32\textinputframework.dll
0x00007ffd32e00000 - 0x00007ffd3315e000 	C:\WINDOWS\System32\CoreUIComponents.dll
0x00007ffd33160000 - 0x00007ffd33252000 	C:\WINDOWS\System32\CoreMessaging.dll
0x00007ffd34ed0000 - 0x00007ffd34f03000 	C:\WINDOWS\SYSTEM32\ntmarta.dll
0x00007ffd32710000 - 0x00007ffd32864000 	C:\WINDOWS\SYSTEM32\wintypes.dll
0x00007ffd35230000 - 0x00007ffd352fa000 	C:\WINDOWS\SYSTEM32\DNSAPI.dll
0x00007ffd351f0000 - 0x00007ffd3522b000 	C:\WINDOWS\SYSTEM32\IPHLPAPI.DLL
0x00007ffd37650000 - 0x00007ffd37658000 	C:\WINDOWS\System32\NSI.dll

dbghelp: loaded successfully - version: 4.0.5 - missing functions: none
symbol engine: initialized successfully - sym options: 0x614 - pdb path: .;C:\Users\John Paul Uy\OneDrive\Documents\zulu21.28.85-ca-fx-jdk21.0.0-win_x64\bin;C:\WINDOWS\SYSTEM32;C:\WINDOWS\WinSxS\amd64_microsoft.windows.common-controls_6595b64144ccf1df_6.0.19041.1110_none_60b5254171f9507e;C:\Users\John Paul Uy\OneDrive\Documents\zulu21.28.85-ca-fx-jdk21.0.0-win_x64\bin\server;C:\WINDOWS\System32\DriverStore\FileRepository\nv_ref_pubwu.inf_amd64_708ec8f9a4d134c6;C:\Program Files\Common Files\Microsoft Shared\Ink

VM Arguments:
jvm_args: -Dfile.encoding=UTF-8 --module-path=C:\Users\Jasper\Downloads\openjfx-21_windows-x64_bin-sdk\javafx-sdk-21\lib --add-modules=javafx.controls,javafx.fxml --module-path=C:\Users\John Paul Uy\OneDrive\Documents\javafx-sdk-21\lib\javafx-swt.jar;C:\Users\John Paul Uy\OneDrive\Documents\javafx-sdk-21\lib\javafx.base.jar;C:\Users\John Paul Uy\OneDrive\Documents\javafx-sdk-21\lib\javafx.controls.jar;C:\Users\John Paul Uy\OneDrive\Documents\javafx-sdk-21\lib\javafx.fxml.jar;C:\Users\John Paul Uy\OneDrive\Documents\javafx-sdk-21\lib\javafx.graphics.jar;C:\Users\John Paul Uy\OneDrive\Documents\javafx-sdk-21\lib\javafx.media.jar;C:\Users\John Paul Uy\OneDrive\Documents\javafx-sdk-21\lib\javafx.swing.jar;C:\Users\John Paul Uy\OneDrive\Documents\javafx-sdk-21\lib\javafx.web.jar;C:\Users\John Paul Uy\OneDrive\Documents\mysql-connector-j-8.1.0.jar 
java_command: Login.LoginTest
java_class_path (initial): C:\Users\John Paul Uy\OneDrive\Documents\mysql-connector-j-8.1.0.jar;C:\Users\John Paul Uy\OneDrive\Documents\javafx-sdk-21\lib\javafx-swt.jar;C:\Users\John Paul Uy\OneDrive\Documents\javafx-sdk-21\lib\javafx.base.jar;C:\Users\John Paul Uy\OneDrive\Documents\javafx-sdk-21\lib\javafx.controls.jar;C:\Users\John Paul Uy\OneDrive\Documents\javafx-sdk-21\lib\javafx.fxml.jar;C:\Users\John Paul Uy\OneDrive\Documents\javafx-sdk-21\lib\javafx.graphics.jar;C:\Users\John Paul Uy\OneDrive\Documents\javafx-sdk-21\lib\javafx.media.jar;C:\Users\John Paul Uy\OneDrive\Documents\javafx-sdk-21\lib\javafx.swing.jar;C:\Users\John Paul Uy\OneDrive\Documents\javafx-sdk-21\lib\javafx.web.jar;C:\Users\John Paul Uy\OneDrive\Documents\NetBeansProjects\ROLE-SPECIFIC-POS-SYSTEM\build\classes
Launcher Type: SUN_STANDARD

[Global flags]
     intx CICompilerCount                          = 3                                         {product} {ergonomic}
     uint ConcGCThreads                            = 1                                         {product} {ergonomic}
     uint G1ConcRefinementThreads                  = 4                                         {product} {ergonomic}
   size_t G1HeapRegionSize                         = 1048576                                   {product} {ergonomic}
    uintx GCDrainStackTargetSize                   = 64                                        {product} {ergonomic}
   size_t InitialHeapSize                          = 134217728                                 {product} {ergonomic}
   size_t MarkStackSize                            = 4194304                                   {product} {ergonomic}
   size_t MaxHeapSize                              = 2139095040                                {product} {ergonomic}
   size_t MaxNewSize                               = 1283457024                                {product} {ergonomic}
   size_t MinHeapDeltaBytes                        = 1048576                                   {product} {ergonomic}
   size_t MinHeapSize                              = 8388608                                   {product} {ergonomic}
    uintx NonNMethodCodeHeapSize                   = 5832780                                {pd product} {ergonomic}
    uintx NonProfiledCodeHeapSize                  = 122912730                              {pd product} {ergonomic}
    uintx ProfiledCodeHeapSize                     = 122912730                              {pd product} {ergonomic}
    uintx ReservedCodeCacheSize                    = 251658240                              {pd product} {ergonomic}
     bool SegmentedCodeCache                       = true                                      {product} {ergonomic}
   size_t SoftMaxHeapSize                          = 2139095040                             {manageable} {ergonomic}
     bool UseCompressedOops                        = true                           {product lp64_product} {ergonomic}
     bool UseG1GC                                  = true                                      {product} {ergonomic}
     bool UseLargePagesIndividualAllocation        = false                                  {pd product} {ergonomic}

Logging:
Log output configuration:
 #0: stdout all=warning uptime,level,tags foldmultilines=false
 #1: stderr all=off uptime,level,tags foldmultilines=false

Environment Variables:
PATH=C:\Program Files\Common Files\Oracle\Java\javapath;C:\Program Files (x86)\Common Files\Oracle\Java\javapath;C:\WINDOWS\system32;C:\WINDOWS;C:\WINDOWS\System32\Wbem;C:\WINDOWS\System32\WindowsPowerShell\v1.0\;C:\WINDOWS\System32\OpenSSH\;C:\Program Files\Java\jdk-19\bin;C:\Users\John Paul Uy\AppData\Local\Microsoft\WindowsApps;
USERNAME=John Paul Uy
OS=Windows_NT
PROCESSOR_IDENTIFIER=AMD64 Family 21 Model 19 Stepping 1, AuthenticAMD
TMP=C:\Users\JOHNPA~1\AppData\Local\Temp
TEMP=C:\Users\JOHNPA~1\AppData\Local\Temp




---------------  S Y S T E M  ---------------

OS:
 Windows 10 , 64 bit Build 19041 (10.0.19041.3155)
OS uptime: 3 days 3:12 hours

CPU: total 4 (initial active 4) (4 cores per cpu, 1 threads per core) family 21 model 19 stepping 1 microcode 0x0, cx8, cmov, fxsr, mmx, 3dnowpref, sse, sse2, sse3, ssse3, sse4a, sse4.1, sse4.2, popcnt, lzcnt, tsc, tscinvbit, avx, aes, clmul, bmi1, fma, vzeroupper, clflush, rdtscp, f16c
Processor Information for all 4 processors :
  Max Mhz: 3900, Current Mhz: 3900, Mhz Limit: 3900

Memory: 4k page, system-wide physical 8158M (877M free)
TotalPageFile size 13495M (AvailPageFile size 0M)
current process WorkingSet (physical memory assigned to process): 157M, peak: 167M
current process commit charge ("private bytes"): 241M, peak: 274M

vm_info: OpenJDK 64-Bit Server VM (21+35) for windows-amd64 JRE (21+35) (Zulu21.28+85-CA), built on 2023-08-25T12:47:19Z by "zulu_re" with MS VC++ 17.1 (VS2022)

END.
